Using pre-set license
Built from '2021.1/staging' branch; Version is '2021.1.24f1 (6667702a1e7c) revision 6711152'; Using compiler version '192528614'; Build Type 'Release'
OS: 'Windows 10 Home; OS build 19043.1415; Version 2009; 64bit' Language: 'ko' Physical Memory: 16345 MB
BatchMode: 1, IsHumanControllingUs: 0, StartBugReporterOnCrash: 0, Is64bit: 1, IsPro: 0

COMMAND LINE ARGUMENTS:
C:\Program Files\Unity\Hub\Editor\2021.1.24f1\Editor\Unity.exe
-adb2
-batchMode
-noUpm
-name
AssetImportWorker0
-projectPath
D:/한국it자료/게임엔진/2학년 2학기 심화/fpsGame/Infinite stair
-logFile
Logs/AssetImportWorker0.log
-srvPort
8447
Successfully changed project path to: D:/한국it자료/게임엔진/2학년 2학기 심화/fpsGame/Infinite stair
D:/한국it자료/게임엔진/2학년 2학기 심화/fpsGame/Infinite stair
Using Asset Import Pipeline V2.
Refreshing native plugins compatible for Editor in 99.90 ms, found 4 plugins.
Preloading 0 native plugins for Editor in 0.00 ms.
Initialize engine version: 2021.1.24f1 (6667702a1e7c)
[Subsystems] Discovering subsystems at path C:/Program Files/Unity/Hub/Editor/2021.1.24f1/Editor/Data/Resources/UnitySubsystems
[Subsystems] Discovering subsystems at path D:/한국it자료/게임엔진/2학년 2학기 심화/fpsGame/Infinite stair/Assets
GfxDevice: creating device client; threaded=0; jobified=0
Direct3D:
    Version:  Direct3D 11.0 [level 11.1]
    Renderer: NVIDIA GeForce RTX 2070 (ID=0x1f02)
    Vendor:   NVIDIA
    VRAM:     8031 MB
    Driver:   30.0.14.9729
Initialize mono
Mono path[0] = 'C:/Program Files/Unity/Hub/Editor/2021.1.24f1/Editor/Data/Managed'
Mono path[1] = 'C:/Program Files/Unity/Hub/Editor/2021.1.24f1/Editor/Data/MonoBleedingEdge/lib/mono/unityjit'
Mono config path = 'C:/Program Files/Unity/Hub/Editor/2021.1.24f1/Editor/Data/MonoBleedingEdge/etc'
Using monoOptions --debugger-agent=transport=dt_socket,embedding=1,server=y,suspend=n,address=127.0.0.1:56692
Begin MonoManager ReloadAssembly
Registering precompiled unity dll's ...
Register platform support module: C:/Program Files/Unity/Hub/Editor/2021.1.24f1/Editor/Data/PlaybackEngines/WindowsStandaloneSupport/UnityEditor.WindowsStandalone.Extensions.dll
Registered in 0.001921 seconds.
Native extension for WindowsStandalone target not found
Refreshing native plugins compatible for Editor in 135.90 ms, found 4 plugins.
Preloading 0 native plugins for Editor in 0.00 ms.
Mono: successfully reloaded assembly
- Completed reload, in  1.451 seconds
Domain Reload Profiling:
	ReloadAssembly (1452ms)
		BeginReloadAssembly (62ms)
			ExecutionOrderSort (0ms)
			DisableScriptedObjects (0ms)
			BackupInstance (0ms)
			ReleaseScriptingObjects (0ms)
			CreateAndSetChildDomain (1ms)
		EndReloadAssembly (653ms)
			LoadAssemblies (60ms)
			RebuildTransferFunctionScriptingTraits (0ms)
			SetupTypeCache (223ms)
			ReleaseScriptCaches (0ms)
			RebuildScriptCaches (50ms)
			SetupLoadedEditorAssemblies (297ms)
				LogAssemblyErrors (0ms)
				InitializePlatformSupportModulesInManaged (10ms)
				SetLoadedEditorAssemblies (0ms)
				RefreshPlugins (136ms)
				BeforeProcessingInitializeOnLoad (2ms)
				ProcessInitializeOnLoadAttributes (112ms)
				ProcessInitializeOnLoadMethodAttributes (37ms)
				AfterProcessingInitializeOnLoad (0ms)
				EditorAssembliesLoaded (0ms)
			ExecutionOrderSort2 (0ms)
			AwakeInstancesAfterBackupRestoration (0ms)
Platform modules already initialized, skipping
Registering precompiled user dll's ...
Registered in 0.004118 seconds.
Begin MonoManager ReloadAssembly
Symbol file LoadedFromMemory doesn't match image D:\한국it자료\게임엔진\2학년 2학기 심화\fpsGame\Infinite stair\Library\PackageCache\com.unity.visualscripting@1.6.1\Editor\VisualScripting.Core\Dependencies\YamlDotNet\Unity.VisualScripting.YamlDotNet.dll
Symbol file LoadedFromMemory doesn't match image D:\한국it자료\게임엔진\2학년 2학기 심화\fpsGame\Infinite stair\Library\PackageCache\com.unity.visualscripting@1.6.1\Editor\VisualScripting.Core\Dependencies\DotNetZip\Unity.VisualScripting.IonicZip.dll
Native extension for WindowsStandalone target not found
Refreshing native plugins compatible for Editor in 123.06 ms, found 4 plugins.
Preloading 0 native plugins for Editor in 0.00 ms.
Mono: successfully reloaded assembly
- Completed reload, in  1.638 seconds
Domain Reload Profiling:
	ReloadAssembly (1639ms)
		BeginReloadAssembly (221ms)
			ExecutionOrderSort (0ms)
			DisableScriptedObjects (9ms)
			BackupInstance (0ms)
			ReleaseScriptingObjects (0ms)
			CreateAndSetChildDomain (32ms)
		EndReloadAssembly (1340ms)
			LoadAssemblies (120ms)
			RebuildTransferFunctionScriptingTraits (0ms)
			SetupTypeCache (511ms)
			ReleaseScriptCaches (1ms)
			RebuildScriptCaches (72ms)
			SetupLoadedEditorAssemblies (531ms)
				LogAssemblyErrors (0ms)
				InitializePlatformSupportModulesInManaged (4ms)
				SetLoadedEditorAssemblies (0ms)
				RefreshPlugins (123ms)
				BeforeProcessingInitializeOnLoad (102ms)
				ProcessInitializeOnLoadAttributes (272ms)
				ProcessInitializeOnLoadMethodAttributes (22ms)
				AfterProcessingInitializeOnLoad (7ms)
				EditorAssembliesLoaded (0ms)
			ExecutionOrderSort2 (0ms)
			AwakeInstancesAfterBackupRestoration (8ms)
Platform modules already initialized, skipping
========================================================================
Worker process is ready to serve import requests
Launched and connected shader compiler UnityShaderCompiler.exe after 0.08 seconds
Refreshing native plugins compatible for Editor in 1.34 ms, found 4 plugins.
Preloading 0 native plugins for Editor in 0.00 ms.
Unloading 3686 Unused Serialized files (Serialized files now loaded: 0)
System memory in use before: 138.3 MB.
System memory in use after: 138.5 MB.

Unloading 30 unused Assets to reduce memory usage. Loaded Objects now: 4138.
Total: 5.270900 ms (FindLiveObjects: 0.487400 ms CreateObjectMapping: 0.237900 ms MarkObjects: 4.425200 ms  DeleteObjects: 0.117600 ms)

AssetImportParameters requested are different than current active one (requested -> active):
  custom:framework-win-MediaFoundation: 216162199b28c13a410421893ffa2e32 -> 
  custom:video-decoder-ogg-theora: a1e56fd34408186e4bbccfd4996cb3dc -> 
  custom:container-muxer-webm: aa71ff27fc2769a1b78a27578f13a17b -> 
  custom:container-demuxer-webm: 4f35f7cbe854078d1ac9338744f61a02 -> 
  custom:container-demuxer-ogg: 62fdf1f143b41e24485cea50d1cbac27 -> 
  custom:video-encoder-webm-vp8: eb34c28f22e8b96e1ab97ce403110664 -> 
  custom:video-codec-MediaFoundation-h265: 746d11721c4dcdbdad8f713fa42b33f4 -> 
  custom:video-decoder-webm-vp8: 9c59270c3fd7afecdb556c50c9e8de78 -> 
  custom:audio-decoder-ogg-vorbis: bf7c407c2cedff20999df2af8eb42d56 -> 
  custom:audio-encoder-webm-vorbis: bf7c407c2cedff20999df2af8eb42d56 -> 
========================================================================
Received Import Request.
  path: Assets/Scripts/UiManager.cs
  artifactKey: Guid(931870f5f234cdc4495e2bfdfd86f8ca) Importer(815301076,1909f56bfc062723c751e8b465ee728b)
Start importing Assets/Scripts/UiManager.cs using Guid(931870f5f234cdc4495e2bfdfd86f8ca) Importer(815301076,1909f56bfc062723c751e8b465ee728b)  -> (artifact id: 'bad28dd8e8809c520789c1732feaa409') in 0.046457 seconds 
========================================================================
Received Import Request.
  Time since last request: 31.931726 seconds.
  path: Assets/Scripts/MainMenuUi.cs
  artifactKey: Guid(dcde2d053af93d74eb29d4d142a323ec) Importer(815301076,1909f56bfc062723c751e8b465ee728b)
Start importing Assets/Scripts/MainMenuUi.cs using Guid(dcde2d053af93d74eb29d4d142a323ec) Importer(815301076,1909f56bfc062723c751e8b465ee728b)  -> (artifact id: '7b8102ef57f13fff1f50e4ce33307fe7') in 0.008624 seconds 
========================================================================
Received Prepare
Registering precompiled user dll's ...
Registered in 0.003755 seconds.
Begin MonoManager ReloadAssembly
Symbol file LoadedFromMemory doesn't match image D:\한국it자료\게임엔진\2학년 2학기 심화\fpsGame\Infinite stair\Library\PackageCache\com.unity.visualscripting@1.6.1\Editor\VisualScripting.Core\Dependencies\YamlDotNet\Unity.VisualScripting.YamlDotNet.dll
Symbol file LoadedFromMemory doesn't match image D:\한국it자료\게임엔진\2학년 2학기 심화\fpsGame\Infinite stair\Library\PackageCache\com.unity.visualscripting@1.6.1\Editor\VisualScripting.Core\Dependencies\DotNetZip\Unity.VisualScripting.IonicZip.dll
Native extension for WindowsStandalone target not found
Refreshing native plugins compatible for Editor in 0.63 ms, found 4 plugins.
Preloading 0 native plugins for Editor in 0.00 ms.
Mono: successfully reloaded assembly
- Completed reload, in  1.084 seconds
Domain Reload Profiling:
	ReloadAssembly (1084ms)
		BeginReloadAssembly (136ms)
			ExecutionOrderSort (0ms)
			DisableScriptedObjects (11ms)
			BackupInstance (0ms)
			ReleaseScriptingObjects (0ms)
			CreateAndSetChildDomain (42ms)
		EndReloadAssembly (890ms)
			LoadAssemblies (94ms)
			RebuildTransferFunctionScriptingTraits (0ms)
			SetupTypeCache (382ms)
			ReleaseScriptCaches (1ms)
			RebuildScriptCaches (41ms)
			SetupLoadedEditorAssemblies (289ms)
				LogAssemblyErrors (0ms)
				InitializePlatformSupportModulesInManaged (4ms)
				SetLoadedEditorAssemblies (0ms)
				RefreshPlugins (1ms)
				BeforeProcessingInitializeOnLoad (61ms)
				ProcessInitializeOnLoadAttributes (207ms)
				ProcessInitializeOnLoadMethodAttributes (9ms)
				AfterProcessingInitializeOnLoad (6ms)
				EditorAssembliesLoaded (0ms)
			ExecutionOrderSort2 (0ms)
			AwakeInstancesAfterBackupRestoration (10ms)
Platform modules already initialized, skipping
Refreshing native plugins compatible for Editor in 0.74 ms, found 4 plugins.
Preloading 0 native plugins for Editor in 0.00 ms.
Unloading 3677 Unused Serialized files (Serialized files now loaded: 0)
System memory in use before: 137.8 MB.
System memory in use after: 138.0 MB.

Unloading 18 unused Assets to reduce memory usage. Loaded Objects now: 4142.
Total: 3.467300 ms (FindLiveObjects: 0.240200 ms CreateObjectMapping: 0.111000 ms MarkObjects: 3.096200 ms  DeleteObjects: 0.019400 ms)

AssetImportParameters requested are different than current active one (requested -> active):
  custom:framework-win-MediaFoundation: 216162199b28c13a410421893ffa2e32 -> 
  custom:video-decoder-ogg-theora: a1e56fd34408186e4bbccfd4996cb3dc -> 
  custom:container-muxer-webm: aa71ff27fc2769a1b78a27578f13a17b -> 
  custom:container-demuxer-webm: 4f35f7cbe854078d1ac9338744f61a02 -> 
  custom:container-demuxer-ogg: 62fdf1f143b41e24485cea50d1cbac27 -> 
  custom:video-encoder-webm-vp8: eb34c28f22e8b96e1ab97ce403110664 -> 
  custom:video-codec-MediaFoundation-h265: 746d11721c4dcdbdad8f713fa42b33f4 -> 
  custom:video-decoder-webm-vp8: 9c59270c3fd7afecdb556c50c9e8de78 -> 
  custom:audio-decoder-ogg-vorbis: bf7c407c2cedff20999df2af8eb42d56 -> 
  custom:audio-encoder-webm-vorbis: bf7c407c2cedff20999df2af8eb42d56 -> 
========================================================================
Received Prepare
Registering precompiled user dll's ...
Registered in 0.003155 seconds.
Begin MonoManager ReloadAssembly
Symbol file LoadedFromMemory doesn't match image D:\한국it자료\게임엔진\2학년 2학기 심화\fpsGame\Infinite stair\Library\PackageCache\com.unity.visualscripting@1.6.1\Editor\VisualScripting.Core\Dependencies\YamlDotNet\Unity.VisualScripting.YamlDotNet.dll
Symbol file LoadedFromMemory doesn't match image D:\한국it자료\게임엔진\2학년 2학기 심화\fpsGame\Infinite stair\Library\PackageCache\com.unity.visualscripting@1.6.1\Editor\VisualScripting.Core\Dependencies\DotNetZip\Unity.VisualScripting.IonicZip.dll
Native extension for WindowsStandalone target not found
Refreshing native plugins compatible for Editor in 1.09 ms, found 4 plugins.
Preloading 0 native plugins for Editor in 0.00 ms.
Mono: successfully reloaded assembly
- Completed reload, in  1.208 seconds
Domain Reload Profiling:
	ReloadAssembly (1208ms)
		BeginReloadAssembly (129ms)
			ExecutionOrderSort (0ms)
			DisableScriptedObjects (7ms)
			BackupInstance (0ms)
			ReleaseScriptingObjects (0ms)
			CreateAndSetChildDomain (46ms)
		EndReloadAssembly (1003ms)
			LoadAssemblies (106ms)
			RebuildTransferFunctionScriptingTraits (0ms)
			SetupTypeCache (437ms)
			ReleaseScriptCaches (2ms)
			RebuildScriptCaches (45ms)
			SetupLoadedEditorAssemblies (320ms)
				LogAssemblyErrors (0ms)
				InitializePlatformSupportModulesInManaged (6ms)
				SetLoadedEditorAssemblies (1ms)
				RefreshPlugins (1ms)
				BeforeProcessingInitializeOnLoad (69ms)
				ProcessInitializeOnLoadAttributes (227ms)
				ProcessInitializeOnLoadMethodAttributes (10ms)
				AfterProcessingInitializeOnLoad (6ms)
				EditorAssembliesLoaded (0ms)
			ExecutionOrderSort2 (0ms)
			AwakeInstancesAfterBackupRestoration (10ms)
Platform modules already initialized, skipping
Refreshing native plugins compatible for Editor in 0.84 ms, found 4 plugins.
Preloading 0 native plugins for Editor in 0.00 ms.
Unloading 3677 Unused Serialized files (Serialized files now loaded: 0)
System memory in use before: 137.9 MB.
System memory in use after: 138.1 MB.

Unloading 18 unused Assets to reduce memory usage. Loaded Objects now: 4145.
Total: 4.821300 ms (FindLiveObjects: 0.308400 ms CreateObjectMapping: 0.230200 ms MarkObjects: 4.251300 ms  DeleteObjects: 0.030100 ms)

AssetImportParameters requested are different than current active one (requested -> active):
  custom:framework-win-MediaFoundation: 216162199b28c13a410421893ffa2e32 -> 
  custom:video-decoder-ogg-theora: a1e56fd34408186e4bbccfd4996cb3dc -> 
  custom:container-muxer-webm: aa71ff27fc2769a1b78a27578f13a17b -> 
  custom:container-demuxer-webm: 4f35f7cbe854078d1ac9338744f61a02 -> 
  custom:container-demuxer-ogg: 62fdf1f143b41e24485cea50d1cbac27 -> 
  custom:video-encoder-webm-vp8: eb34c28f22e8b96e1ab97ce403110664 -> 
  custom:video-codec-MediaFoundation-h265: 746d11721c4dcdbdad8f713fa42b33f4 -> 
  custom:video-decoder-webm-vp8: 9c59270c3fd7afecdb556c50c9e8de78 -> 
  custom:audio-decoder-ogg-vorbis: bf7c407c2cedff20999df2af8eb42d56 -> 
  custom:audio-encoder-webm-vorbis: bf7c407c2cedff20999df2af8eb42d56 -> 
========================================================================
Received Import Request.
  Time since last request: 50.804250 seconds.
  path: Assets/Scripts/MainMenuUi.cs
  artifactKey: Guid(dcde2d053af93d74eb29d4d142a323ec) Importer(815301076,1909f56bfc062723c751e8b465ee728b)
Start importing Assets/Scripts/MainMenuUi.cs using Guid(dcde2d053af93d74eb29d4d142a323ec) Importer(815301076,1909f56bfc062723c751e8b465ee728b)  -> (artifact id: 'fbda8eafa315d4ebbc33fc5a3bdd749d') in 0.008269 seconds 
========================================================================
Received Prepare
Registering precompiled user dll's ...
Registered in 0.003669 seconds.
Begin MonoManager ReloadAssembly
Symbol file LoadedFromMemory doesn't match image D:\한국it자료\게임엔진\2학년 2학기 심화\fpsGame\Infinite stair\Library\PackageCache\com.unity.visualscripting@1.6.1\Editor\VisualScripting.Core\Dependencies\YamlDotNet\Unity.VisualScripting.YamlDotNet.dll
Symbol file LoadedFromMemory doesn't match image D:\한국it자료\게임엔진\2학년 2학기 심화\fpsGame\Infinite stair\Library\PackageCache\com.unity.visualscripting@1.6.1\Editor\VisualScripting.Core\Dependencies\DotNetZip\Unity.VisualScripting.IonicZip.dll
Native extension for WindowsStandalone target not found
Refreshing native plugins compatible for Editor in 1.07 ms, found 4 plugins.
Preloading 0 native plugins for Editor in 0.00 ms.
Mono: successfully reloaded assembly
- Completed reload, in  1.228 seconds
Domain Reload Profiling:
	ReloadAssembly (1229ms)
		BeginReloadAssembly (152ms)
			ExecutionOrderSort (0ms)
			DisableScriptedObjects (8ms)
			BackupInstance (0ms)
			ReleaseScriptingObjects (0ms)
			CreateAndSetChildDomain (55ms)
		EndReloadAssembly (1010ms)
			LoadAssemblies (133ms)
			RebuildTransferFunctionScriptingTraits (0ms)
			SetupTypeCache (454ms)
			ReleaseScriptCaches (1ms)
			RebuildScriptCaches (47ms)
			SetupLoadedEditorAssemblies (286ms)
				LogAssemblyErrors (0ms)
				InitializePlatformSupportModulesInManaged (5ms)
				SetLoadedEditorAssemblies (0ms)
				RefreshPlugins (1ms)
				BeforeProcessingInitializeOnLoad (67ms)
				ProcessInitializeOnLoadAttributes (196ms)
				ProcessInitializeOnLoadMethodAttributes (10ms)
				AfterProcessingInitializeOnLoad (6ms)
				EditorAssembliesLoaded (0ms)
			ExecutionOrderSort2 (0ms)
			AwakeInstancesAfterBackupRestoration (11ms)
Platform modules already initialized, skipping
Refreshing native plugins compatible for Editor in 0.63 ms, found 4 plugins.
Preloading 0 native plugins for Editor in 0.00 ms.
Unloading 3677 Unused Serialized files (Serialized files now loaded: 0)
System memory in use before: 137.9 MB.
System memory in use after: 138.2 MB.

Unloading 18 unused Assets to reduce memory usage. Loaded Objects now: 4148.
Total: 3.105000 ms (FindLiveObjects: 0.268200 ms CreateObjectMapping: 0.137800 ms MarkObjects: 2.676900 ms  DeleteObjects: 0.021400 ms)

AssetImportParameters requested are different than current active one (requested -> active):
  custom:framework-win-MediaFoundation: 216162199b28c13a410421893ffa2e32 -> 
  custom:video-decoder-ogg-theora: a1e56fd34408186e4bbccfd4996cb3dc -> 
  custom:container-muxer-webm: aa71ff27fc2769a1b78a27578f13a17b -> 
  custom:container-demuxer-webm: 4f35f7cbe854078d1ac9338744f61a02 -> 
  custom:container-demuxer-ogg: 62fdf1f143b41e24485cea50d1cbac27 -> 
  custom:video-encoder-webm-vp8: eb34c28f22e8b96e1ab97ce403110664 -> 
  custom:video-codec-MediaFoundation-h265: 746d11721c4dcdbdad8f713fa42b33f4 -> 
  custom:video-decoder-webm-vp8: 9c59270c3fd7afecdb556c50c9e8de78 -> 
  custom:audio-decoder-ogg-vorbis: bf7c407c2cedff20999df2af8eb42d56 -> 
  custom:audio-encoder-webm-vorbis: bf7c407c2cedff20999df2af8eb42d56 -> 
========================================================================
Received Import Request.
  Time since last request: 990.102407 seconds.
  path: Assets/Scenes/IngameScene.unity
  artifactKey: Guid(c2df51fe59ccdfa488c1411025d3a4b2) Importer(815301076,1909f56bfc062723c751e8b465ee728b)
Start importing Assets/Scenes/IngameScene.unity using Guid(c2df51fe59ccdfa488c1411025d3a4b2) Importer(815301076,1909f56bfc062723c751e8b465ee728b)  -> (artifact id: '68ec9020ac796220c1f0c7c3e6fa0489') in 0.022967 seconds 
========================================================================
Received Prepare
Registering precompiled user dll's ...
Registered in 0.003122 seconds.
Begin MonoManager ReloadAssembly
Symbol file LoadedFromMemory doesn't match image D:\한국it자료\게임엔진\2학년 2학기 심화\fpsGame\Infinite stair\Library\PackageCache\com.unity.visualscripting@1.6.1\Editor\VisualScripting.Core\Dependencies\YamlDotNet\Unity.VisualScripting.YamlDotNet.dll
Symbol file LoadedFromMemory doesn't match image D:\한국it자료\게임엔진\2학년 2학기 심화\fpsGame\Infinite stair\Library\PackageCache\com.unity.visualscripting@1.6.1\Editor\VisualScripting.Core\Dependencies\DotNetZip\Unity.VisualScripting.IonicZip.dll
Native extension for WindowsStandalone target not found
Refreshing native plugins compatible for Editor in 0.70 ms, found 4 plugins.
Preloading 0 native plugins for Editor in 0.00 ms.
Mono: successfully reloaded assembly
- Completed reload, in  1.199 seconds
Domain Reload Profiling:
	ReloadAssembly (1199ms)
		BeginReloadAssembly (115ms)
			ExecutionOrderSort (0ms)
			DisableScriptedObjects (7ms)
			BackupInstance (0ms)
			ReleaseScriptingObjects (0ms)
			CreateAndSetChildDomain (38ms)
		EndReloadAssembly (1022ms)
			LoadAssemblies (88ms)
			RebuildTransferFunctionScriptingTraits (0ms)
			SetupTypeCache (456ms)
			ReleaseScriptCaches (2ms)
			RebuildScriptCaches (58ms)
			SetupLoadedEditorAssemblies (320ms)
				LogAssemblyErrors (0ms)
				InitializePlatformSupportModulesInManaged (5ms)
				SetLoadedEditorAssemblies (0ms)
				RefreshPlugins (1ms)
				BeforeProcessingInitializeOnLoad (61ms)
				ProcessInitializeOnLoadAttributes (236ms)
				ProcessInitializeOnLoadMethodAttributes (11ms)
				AfterProcessingInitializeOnLoad (6ms)
				EditorAssembliesLoaded (0ms)
			ExecutionOrderSort2 (0ms)
			AwakeInstancesAfterBackupRestoration (9ms)
Platform modules already initialized, skipping
Refreshing native plugins compatible for Editor in 0.63 ms, found 4 plugins.
Preloading 0 native plugins for Editor in 0.00 ms.
Unloading 3677 Unused Serialized files (Serialized files now loaded: 0)
System memory in use before: 137.9 MB.
System memory in use after: 138.2 MB.

Unloading 18 unused Assets to reduce memory usage. Loaded Objects now: 4151.
Total: 3.525100 ms (FindLiveObjects: 0.321100 ms CreateObjectMapping: 0.197600 ms MarkObjects: 2.983500 ms  DeleteObjects: 0.021900 ms)

AssetImportParameters requested are different than current active one (requested -> active):
  custom:framework-win-MediaFoundation: 216162199b28c13a410421893ffa2e32 -> 
  custom:video-decoder-ogg-theora: a1e56fd34408186e4bbccfd4996cb3dc -> 
  custom:container-muxer-webm: aa71ff27fc2769a1b78a27578f13a17b -> 
  custom:container-demuxer-webm: 4f35f7cbe854078d1ac9338744f61a02 -> 
  custom:container-demuxer-ogg: 62fdf1f143b41e24485cea50d1cbac27 -> 
  custom:video-encoder-webm-vp8: eb34c28f22e8b96e1ab97ce403110664 -> 
  custom:video-codec-MediaFoundation-h265: 746d11721c4dcdbdad8f713fa42b33f4 -> 
  custom:video-decoder-webm-vp8: 9c59270c3fd7afecdb556c50c9e8de78 -> 
  custom:audio-decoder-ogg-vorbis: bf7c407c2cedff20999df2af8eb42d56 -> 
  custom:audio-encoder-webm-vorbis: bf7c407c2cedff20999df2af8eb42d56 -> 
========================================================================
Received Import Request.
  Time since last request: 31.561092 seconds.
  path: Assets/Scenes/MainScene.unity
  artifactKey: Guid(2cda990e2423bbf4892e6590ba056729) Importer(815301076,1909f56bfc062723c751e8b465ee728b)
Start importing Assets/Scenes/MainScene.unity using Guid(2cda990e2423bbf4892e6590ba056729) Importer(815301076,1909f56bfc062723c751e8b465ee728b)  -> (artifact id: 'b24a9f345c76b0a136f242590d844759') in 0.020448 seconds 
========================================================================
Received Prepare
Registering precompiled user dll's ...
Registered in 0.003335 seconds.
Begin MonoManager ReloadAssembly
Symbol file LoadedFromMemory doesn't match image D:\한국it자료\게임엔진\2학년 2학기 심화\fpsGame\Infinite stair\Library\PackageCache\com.unity.visualscripting@1.6.1\Editor\VisualScripting.Core\Dependencies\YamlDotNet\Unity.VisualScripting.YamlDotNet.dll
Symbol file LoadedFromMemory doesn't match image D:\한국it자료\게임엔진\2학년 2학기 심화\fpsGame\Infinite stair\Library\PackageCache\com.unity.visualscripting@1.6.1\Editor\VisualScripting.Core\Dependencies\DotNetZip\Unity.VisualScripting.IonicZip.dll
Native extension for WindowsStandalone target not found
Refreshing native plugins compatible for Editor in 1.77 ms, found 4 plugins.
Preloading 0 native plugins for Editor in 0.00 ms.
Mono: successfully reloaded assembly
- Completed reload, in  1.174 seconds
Domain Reload Profiling:
	ReloadAssembly (1175ms)
		BeginReloadAssembly (133ms)
			ExecutionOrderSort (0ms)
			DisableScriptedObjects (6ms)
			BackupInstance (0ms)
			ReleaseScriptingObjects (0ms)
			CreateAndSetChildDomain (44ms)
		EndReloadAssembly (969ms)
			LoadAssemblies (107ms)
			RebuildTransferFunctionScriptingTraits (0ms)
			SetupTypeCache (354ms)
			ReleaseScriptCaches (1ms)
			RebuildScriptCaches (58ms)
			SetupLoadedEditorAssemblies (352ms)
				LogAssemblyErrors (0ms)
				InitializePlatformSupportModulesInManaged (4ms)
				SetLoadedEditorAssemblies (1ms)
				RefreshPlugins (2ms)
				BeforeProcessingInitializeOnLoad (73ms)
				ProcessInitializeOnLoadAttributes (256ms)
				ProcessInitializeOnLoadMethodAttributes (10ms)
				AfterProcessingInitializeOnLoad (6ms)
				EditorAssembliesLoaded (0ms)
			ExecutionOrderSort2 (0ms)
			AwakeInstancesAfterBackupRestoration (11ms)
Platform modules already initialized, skipping
Refreshing native plugins compatible for Editor in 0.64 ms, found 4 plugins.
Preloading 0 native plugins for Editor in 0.00 ms.
Unloading 3677 Unused Serialized files (Serialized files now loaded: 0)
System memory in use before: 137.9 MB.
System memory in use after: 138.2 MB.

Unloading 18 unused Assets to reduce memory usage. Loaded Objects now: 4154.
Total: 4.687500 ms (FindLiveObjects: 0.376700 ms CreateObjectMapping: 0.223300 ms MarkObjects: 4.054500 ms  DeleteObjects: 0.031800 ms)

AssetImportParameters requested are different than current active one (requested -> active):
  custom:framework-win-MediaFoundation: 216162199b28c13a410421893ffa2e32 -> 
  custom:video-decoder-ogg-theora: a1e56fd34408186e4bbccfd4996cb3dc -> 
  custom:container-muxer-webm: aa71ff27fc2769a1b78a27578f13a17b -> 
  custom:container-demuxer-webm: 4f35f7cbe854078d1ac9338744f61a02 -> 
  custom:container-demuxer-ogg: 62fdf1f143b41e24485cea50d1cbac27 -> 
  custom:video-encoder-webm-vp8: eb34c28f22e8b96e1ab97ce403110664 -> 
  custom:video-codec-MediaFoundation-h265: 746d11721c4dcdbdad8f713fa42b33f4 -> 
  custom:video-decoder-webm-vp8: 9c59270c3fd7afecdb556c50c9e8de78 -> 
  custom:audio-decoder-ogg-vorbis: bf7c407c2cedff20999df2af8eb42d56 -> 
  custom:audio-encoder-webm-vorbis: bf7c407c2cedff20999df2af8eb42d56 -> 
========================================================================
Received Prepare
Registering precompiled user dll's ...
Registered in 0.004843 seconds.
Begin MonoManager ReloadAssembly
Symbol file LoadedFromMemory doesn't match image D:\한국it자료\게임엔진\2학년 2학기 심화\fpsGame\Infinite stair\Library\PackageCache\com.unity.visualscripting@1.6.1\Editor\VisualScripting.Core\Dependencies\YamlDotNet\Unity.VisualScripting.YamlDotNet.dll
Symbol file LoadedFromMemory doesn't match image D:\한국it자료\게임엔진\2학년 2학기 심화\fpsGame\Infinite stair\Library\PackageCache\com.unity.visualscripting@1.6.1\Editor\VisualScripting.Core\Dependencies\DotNetZip\Unity.VisualScripting.IonicZip.dll
Native extension for WindowsStandalone target not found
Refreshing native plugins compatible for Editor in 0.65 ms, found 4 plugins.
Preloading 0 native plugins for Editor in 0.00 ms.
Mono: successfully reloaded assembly
- Completed reload, in  1.367 seconds
Domain Reload Profiling:
	ReloadAssembly (1367ms)
		BeginReloadAssembly (160ms)
			ExecutionOrderSort (0ms)
			DisableScriptedObjects (8ms)
			BackupInstance (0ms)
			ReleaseScriptingObjects (0ms)
			CreateAndSetChildDomain (50ms)
		EndReloadAssembly (1142ms)
			LoadAssemblies (120ms)
			RebuildTransferFunctionScriptingTraits (0ms)
			SetupTypeCache (429ms)
			ReleaseScriptCaches (2ms)
			RebuildScriptCaches (44ms)
			SetupLoadedEditorAssemblies (463ms)
				LogAssemblyErrors (0ms)
				InitializePlatformSupportModulesInManaged (6ms)
				SetLoadedEditorAssemblies (0ms)
				RefreshPlugins (1ms)
				BeforeProcessingInitializeOnLoad (69ms)
				ProcessInitializeOnLoadAttributes (367ms)
				ProcessInitializeOnLoadMethodAttributes (12ms)
				AfterProcessingInitializeOnLoad (8ms)
				EditorAssembliesLoaded (0ms)
			ExecutionOrderSort2 (0ms)
			AwakeInstancesAfterBackupRestoration (15ms)
Platform modules already initialized, skipping
Refreshing native plugins compatible for Editor in 1.25 ms, found 4 plugins.
Preloading 0 native plugins for Editor in 0.00 ms.
Unloading 3677 Unused Serialized files (Serialized files now loaded: 0)
System memory in use before: 138.0 MB.
System memory in use after: 138.2 MB.

Unloading 18 unused Assets to reduce memory usage. Loaded Objects now: 4157.
Total: 2.906400 ms (FindLiveObjects: 0.283000 ms CreateObjectMapping: 0.175800 ms MarkObjects: 2.427200 ms  DeleteObjects: 0.019600 ms)

AssetImportParameters requested are different than current active one (requested -> active):
  custom:framework-win-MediaFoundation: 216162199b28c13a410421893ffa2e32 -> 
  custom:video-decoder-ogg-theora: a1e56fd34408186e4bbccfd4996cb3dc -> 
  custom:container-muxer-webm: aa71ff27fc2769a1b78a27578f13a17b -> 
  custom:container-demuxer-webm: 4f35f7cbe854078d1ac9338744f61a02 -> 
  custom:container-demuxer-ogg: 62fdf1f143b41e24485cea50d1cbac27 -> 
  custom:video-encoder-webm-vp8: eb34c28f22e8b96e1ab97ce403110664 -> 
  custom:video-codec-MediaFoundation-h265: 746d11721c4dcdbdad8f713fa42b33f4 -> 
  custom:video-decoder-webm-vp8: 9c59270c3fd7afecdb556c50c9e8de78 -> 
  custom:audio-decoder-ogg-vorbis: bf7c407c2cedff20999df2af8eb42d56 -> 
  custom:audio-encoder-webm-vorbis: bf7c407c2cedff20999df2af8eb42d56 -> 
========================================================================
Received Prepare
Registering precompiled user dll's ...
Registered in 0.003821 seconds.
Begin MonoManager ReloadAssembly
Symbol file LoadedFromMemory doesn't match image D:\한국it자료\게임엔진\2학년 2학기 심화\fpsGame\Infinite stair\Library\PackageCache\com.unity.visualscripting@1.6.1\Editor\VisualScripting.Core\Dependencies\YamlDotNet\Unity.VisualScripting.YamlDotNet.dll
Symbol file LoadedFromMemory doesn't match image D:\한국it자료\게임엔진\2학년 2학기 심화\fpsGame\Infinite stair\Library\PackageCache\com.unity.visualscripting@1.6.1\Editor\VisualScripting.Core\Dependencies\DotNetZip\Unity.VisualScripting.IonicZip.dll
Native extension for WindowsStandalone target not found
Refreshing native plugins compatible for Editor in 0.65 ms, found 4 plugins.
Preloading 0 native plugins for Editor in 0.00 ms.
Mono: successfully reloaded assembly
- Completed reload, in  1.165 seconds
Domain Reload Profiling:
	ReloadAssembly (1166ms)
		BeginReloadAssembly (157ms)
			ExecutionOrderSort (0ms)
			DisableScriptedObjects (7ms)
			BackupInstance (0ms)
			ReleaseScriptingObjects (0ms)
			CreateAndSetChildDomain (55ms)
		EndReloadAssembly (935ms)
			LoadAssemblies (117ms)
			RebuildTransferFunctionScriptingTraits (0ms)
			SetupTypeCache (382ms)
			ReleaseScriptCaches (1ms)
			RebuildScriptCaches (50ms)
			SetupLoadedEditorAssemblies (303ms)
				LogAssemblyErrors (0ms)
				InitializePlatformSupportModulesInManaged (4ms)
				SetLoadedEditorAssemblies (0ms)
				RefreshPlugins (1ms)
				BeforeProcessingInitializeOnLoad (61ms)
				ProcessInitializeOnLoadAttributes (220ms)
				ProcessInitializeOnLoadMethodAttributes (9ms)
				AfterProcessingInitializeOnLoad (6ms)
				EditorAssembliesLoaded (0ms)
			ExecutionOrderSort2 (0ms)
			AwakeInstancesAfterBackupRestoration (10ms)
Platform modules already initialized, skipping
Refreshing native plugins compatible for Editor in 0.72 ms, found 4 plugins.
Preloading 0 native plugins for Editor in 0.00 ms.
Unloading 3677 Unused Serialized files (Serialized files now loaded: 0)
System memory in use before: 138.0 MB.
System memory in use after: 138.2 MB.

Unloading 18 unused Assets to reduce memory usage. Loaded Objects now: 4160.
Total: 4.089900 ms (FindLiveObjects: 0.249700 ms CreateObjectMapping: 0.186400 ms MarkObjects: 3.622600 ms  DeleteObjects: 0.030000 ms)

AssetImportParameters requested are different than current active one (requested -> active):
  custom:framework-win-MediaFoundation: 216162199b28c13a410421893ffa2e32 -> 
  custom:video-decoder-ogg-theora: a1e56fd34408186e4bbccfd4996cb3dc -> 
  custom:container-muxer-webm: aa71ff27fc2769a1b78a27578f13a17b -> 
  custom:container-demuxer-webm: 4f35f7cbe854078d1ac9338744f61a02 -> 
  custom:container-demuxer-ogg: 62fdf1f143b41e24485cea50d1cbac27 -> 
  custom:video-encoder-webm-vp8: eb34c28f22e8b96e1ab97ce403110664 -> 
  custom:video-codec-MediaFoundation-h265: 746d11721c4dcdbdad8f713fa42b33f4 -> 
  custom:video-decoder-webm-vp8: 9c59270c3fd7afecdb556c50c9e8de78 -> 
  custom:audio-decoder-ogg-vorbis: bf7c407c2cedff20999df2af8eb42d56 -> 
  custom:audio-encoder-webm-vorbis: bf7c407c2cedff20999df2af8eb42d56 -> 
========================================================================
Received Prepare
Registering precompiled user dll's ...
Registered in 0.004551 seconds.
Begin MonoManager ReloadAssembly
Symbol file LoadedFromMemory doesn't match image D:\한국it자료\게임엔진\2학년 2학기 심화\fpsGame\Infinite stair\Library\PackageCache\com.unity.visualscripting@1.6.1\Editor\VisualScripting.Core\Dependencies\YamlDotNet\Unity.VisualScripting.YamlDotNet.dll
Symbol file LoadedFromMemory doesn't match image D:\한국it자료\게임엔진\2학년 2학기 심화\fpsGame\Infinite stair\Library\PackageCache\com.unity.visualscripting@1.6.1\Editor\VisualScripting.Core\Dependencies\DotNetZip\Unity.VisualScripting.IonicZip.dll
Native extension for WindowsStandalone target not found
Refreshing native plugins compatible for Editor in 0.67 ms, found 4 plugins.
Preloading 0 native plugins for Editor in 0.00 ms.
Mono: successfully reloaded assembly
- Completed reload, in  1.328 seconds
Domain Reload Profiling:
	ReloadAssembly (1328ms)
		BeginReloadAssembly (142ms)
			ExecutionOrderSort (0ms)
			DisableScriptedObjects (7ms)
			BackupInstance (0ms)
			ReleaseScriptingObjects (0ms)
			CreateAndSetChildDomain (49ms)
		EndReloadAssembly (1115ms)
			LoadAssemblies (116ms)
			RebuildTransferFunctionScriptingTraits (0ms)
			SetupTypeCache (370ms)
			ReleaseScriptCaches (2ms)
			RebuildScriptCaches (77ms)
			SetupLoadedEditorAssemblies (398ms)
				LogAssemblyErrors (0ms)
				InitializePlatformSupportModulesInManaged (6ms)
				SetLoadedEditorAssemblies (1ms)
				RefreshPlugins (1ms)
				BeforeProcessingInitializeOnLoad (89ms)
				ProcessInitializeOnLoadAttributes (283ms)
				ProcessInitializeOnLoadMethodAttributes (11ms)
				AfterProcessingInitializeOnLoad (9ms)
				EditorAssembliesLoaded (0ms)
			ExecutionOrderSort2 (0ms)
			AwakeInstancesAfterBackupRestoration (11ms)
Platform modules already initialized, skipping
Refreshing native plugins compatible for Editor in 2.33 ms, found 4 plugins.
Preloading 0 native plugins for Editor in 0.00 ms.
Unloading 3677 Unused Serialized files (Serialized files now loaded: 0)
System memory in use before: 138.0 MB.
System memory in use after: 138.2 MB.

Unloading 18 unused Assets to reduce memory usage. Loaded Objects now: 4163.
Total: 8.024400 ms (FindLiveObjects: 0.677900 ms CreateObjectMapping: 0.431300 ms MarkObjects: 6.876500 ms  DeleteObjects: 0.036800 ms)

AssetImportParameters requested are different than current active one (requested -> active):
  custom:framework-win-MediaFoundation: 216162199b28c13a410421893ffa2e32 -> 
  custom:video-decoder-ogg-theora: a1e56fd34408186e4bbccfd4996cb3dc -> 
  custom:container-muxer-webm: aa71ff27fc2769a1b78a27578f13a17b -> 
  custom:container-demuxer-webm: 4f35f7cbe854078d1ac9338744f61a02 -> 
  custom:container-demuxer-ogg: 62fdf1f143b41e24485cea50d1cbac27 -> 
  custom:video-encoder-webm-vp8: eb34c28f22e8b96e1ab97ce403110664 -> 
  custom:video-codec-MediaFoundation-h265: 746d11721c4dcdbdad8f713fa42b33f4 -> 
  custom:video-decoder-webm-vp8: 9c59270c3fd7afecdb556c50c9e8de78 -> 
  custom:audio-decoder-ogg-vorbis: bf7c407c2cedff20999df2af8eb42d56 -> 
  custom:audio-encoder-webm-vorbis: bf7c407c2cedff20999df2af8eb42d56 -> 
========================================================================
Received Prepare
Registering precompiled user dll's ...
Registered in 0.003232 seconds.
Begin MonoManager ReloadAssembly
Symbol file LoadedFromMemory doesn't match image D:\한국it자료\게임엔진\2학년 2학기 심화\fpsGame\Infinite stair\Library\PackageCache\com.unity.visualscripting@1.6.1\Editor\VisualScripting.Core\Dependencies\YamlDotNet\Unity.VisualScripting.YamlDotNet.dll
Symbol file LoadedFromMemory doesn't match image D:\한국it자료\게임엔진\2학년 2학기 심화\fpsGame\Infinite stair\Library\PackageCache\com.unity.visualscripting@1.6.1\Editor\VisualScripting.Core\Dependencies\DotNetZip\Unity.VisualScripting.IonicZip.dll
Native extension for WindowsStandalone target not found
Refreshing native plugins compatible for Editor in 0.71 ms, found 4 plugins.
Preloading 0 native plugins for Editor in 0.00 ms.
Mono: successfully reloaded assembly
- Completed reload, in  1.109 seconds
Domain Reload Profiling:
	ReloadAssembly (1109ms)
		BeginReloadAssembly (115ms)
			ExecutionOrderSort (0ms)
			DisableScriptedObjects (8ms)
			BackupInstance (0ms)
			ReleaseScriptingObjects (0ms)
			CreateAndSetChildDomain (36ms)
		EndReloadAssembly (923ms)
			LoadAssemblies (95ms)
			RebuildTransferFunctionScriptingTraits (0ms)
			SetupTypeCache (359ms)
			ReleaseScriptCaches (1ms)
			RebuildScriptCaches (44ms)
			SetupLoadedEditorAssemblies (308ms)
				LogAssemblyErrors (0ms)
				InitializePlatformSupportModulesInManaged (4ms)
				SetLoadedEditorAssemblies (0ms)
				RefreshPlugins (1ms)
				BeforeProcessingInitializeOnLoad (65ms)
				ProcessInitializeOnLoadAttributes (221ms)
				ProcessInitializeOnLoadMethodAttributes (8ms)
				AfterProcessingInitializeOnLoad (8ms)
				EditorAssembliesLoaded (0ms)
			ExecutionOrderSort2 (0ms)
			AwakeInstancesAfterBackupRestoration (12ms)
Platform modules already initialized, skipping
Refreshing native plugins compatible for Editor in 0.75 ms, found 4 plugins.
Preloading 0 native plugins for Editor in 0.00 ms.
Unloading 3677 Unused Serialized files (Serialized files now loaded: 0)
System memory in use before: 138.1 MB.
System memory in use after: 138.3 MB.

Unloading 18 unused Assets to reduce memory usage. Loaded Objects now: 4166.
Total: 4.437100 ms (FindLiveObjects: 0.320400 ms CreateObjectMapping: 0.376100 ms MarkObjects: 3.714400 ms  DeleteObjects: 0.025300 ms)

AssetImportParameters requested are different than current active one (requested -> active):
  custom:framework-win-MediaFoundation: 216162199b28c13a410421893ffa2e32 -> 
  custom:video-decoder-ogg-theora: a1e56fd34408186e4bbccfd4996cb3dc -> 
  custom:container-muxer-webm: aa71ff27fc2769a1b78a27578f13a17b -> 
  custom:container-demuxer-webm: 4f35f7cbe854078d1ac9338744f61a02 -> 
  custom:container-demuxer-ogg: 62fdf1f143b41e24485cea50d1cbac27 -> 
  custom:video-encoder-webm-vp8: eb34c28f22e8b96e1ab97ce403110664 -> 
  custom:video-codec-MediaFoundation-h265: 746d11721c4dcdbdad8f713fa42b33f4 -> 
  custom:video-decoder-webm-vp8: 9c59270c3fd7afecdb556c50c9e8de78 -> 
  custom:audio-decoder-ogg-vorbis: bf7c407c2cedff20999df2af8eb42d56 -> 
  custom:audio-encoder-webm-vorbis: bf7c407c2cedff20999df2af8eb42d56 -> 
========================================================================
Received Prepare
Registering precompiled user dll's ...
Registered in 0.004372 seconds.
Begin MonoManager ReloadAssembly
Symbol file LoadedFromMemory doesn't match image D:\한국it자료\게임엔진\2학년 2학기 심화\fpsGame\Infinite stair\Library\PackageCache\com.unity.visualscripting@1.6.1\Editor\VisualScripting.Core\Dependencies\YamlDotNet\Unity.VisualScripting.YamlDotNet.dll
Symbol file LoadedFromMemory doesn't match image D:\한국it자료\게임엔진\2학년 2학기 심화\fpsGame\Infinite stair\Library\PackageCache\com.unity.visualscripting@1.6.1\Editor\VisualScripting.Core\Dependencies\DotNetZip\Unity.VisualScripting.IonicZip.dll
Native extension for WindowsStandalone target not found
Refreshing native plugins compatible for Editor in 0.65 ms, found 4 plugins.
Preloading 0 native plugins for Editor in 0.00 ms.
Mono: successfully reloaded assembly
- Completed reload, in  1.048 seconds
Domain Reload Profiling:
	ReloadAssembly (1048ms)
		BeginReloadAssembly (121ms)
			ExecutionOrderSort (0ms)
			DisableScriptedObjects (6ms)
			BackupInstance (0ms)
			ReleaseScriptingObjects (0ms)
			CreateAndSetChildDomain (35ms)
		EndReloadAssembly (869ms)
			LoadAssemblies (95ms)
			RebuildTransferFunctionScriptingTraits (0ms)
			SetupTypeCache (336ms)
			ReleaseScriptCaches (1ms)
			RebuildScriptCaches (45ms)
			SetupLoadedEditorAssemblies (307ms)
				LogAssemblyErrors (0ms)
				InitializePlatformSupportModulesInManaged (6ms)
				SetLoadedEditorAssemblies (1ms)
				RefreshPlugins (1ms)
				BeforeProcessingInitializeOnLoad (64ms)
				ProcessInitializeOnLoadAttributes (219ms)
				ProcessInitializeOnLoadMethodAttributes (10ms)
				AfterProcessingInitializeOnLoad (7ms)
				EditorAssembliesLoaded (0ms)
			ExecutionOrderSort2 (0ms)
			AwakeInstancesAfterBackupRestoration (13ms)
Platform modules already initialized, skipping
Refreshing native plugins compatible for Editor in 0.87 ms, found 4 plugins.
Preloading 0 native plugins for Editor in 0.00 ms.
Unloading 3677 Unused Serialized files (Serialized files now loaded: 0)
System memory in use before: 138.1 MB.
System memory in use after: 138.3 MB.

Unloading 18 unused Assets to reduce memory usage. Loaded Objects now: 4169.
Total: 3.219400 ms (FindLiveObjects: 0.327400 ms CreateObjectMapping: 0.162800 ms MarkObjects: 2.706500 ms  DeleteObjects: 0.021200 ms)

AssetImportParameters requested are different than current active one (requested -> active):
  custom:framework-win-MediaFoundation: 216162199b28c13a410421893ffa2e32 -> 
  custom:video-decoder-ogg-theora: a1e56fd34408186e4bbccfd4996cb3dc -> 
  custom:container-muxer-webm: aa71ff27fc2769a1b78a27578f13a17b -> 
  custom:container-demuxer-webm: 4f35f7cbe854078d1ac9338744f61a02 -> 
  custom:container-demuxer-ogg: 62fdf1f143b41e24485cea50d1cbac27 -> 
  custom:video-encoder-webm-vp8: eb34c28f22e8b96e1ab97ce403110664 -> 
  custom:video-codec-MediaFoundation-h265: 746d11721c4dcdbdad8f713fa42b33f4 -> 
  custom:video-decoder-webm-vp8: 9c59270c3fd7afecdb556c50c9e8de78 -> 
  custom:audio-decoder-ogg-vorbis: bf7c407c2cedff20999df2af8eb42d56 -> 
  custom:audio-encoder-webm-vorbis: bf7c407c2cedff20999df2af8eb42d56 -> 
========================================================================
Received Import Request.
  Time since last request: 4500.207495 seconds.
  path: Assets/Resources/player2ani/gameOver.anim
  artifactKey: Guid(9e3c157fac184b047afe0b7745434697) Importer(815301076,1909f56bfc062723c751e8b465ee728b)
Start importing Assets/Resources/player2ani/gameOver.anim using Guid(9e3c157fac184b047afe0b7745434697) Importer(815301076,1909f56bfc062723c751e8b465ee728b)  -> (artifact id: '180bf76a143b3db554f2548ef796ed74') in 0.026300 seconds 
========================================================================
Received Import Request.
  Time since last request: 0.614855 seconds.
  path: Assets/Resources/player2ani/Player2.controller
  artifactKey: Guid(bd9db54831016634f93710a881559443) Importer(815301076,1909f56bfc062723c751e8b465ee728b)
Start importing Assets/Resources/player2ani/Player2.controller using Guid(bd9db54831016634f93710a881559443) Importer(815301076,1909f56bfc062723c751e8b465ee728b)  -> (artifact id: '2c619d940052d4faa21086c96930a5a3') in 0.014380 seconds 
========================================================================
Received Import Request.
  Time since last request: 3.378691 seconds.
  path: Assets/Resources/player2ani/move.anim
  artifactKey: Guid(fac280a538e752741b05b58c519701f3) Importer(815301076,1909f56bfc062723c751e8b465ee728b)
Start importing Assets/Resources/player2ani/move.anim using Guid(fac280a538e752741b05b58c519701f3) Importer(815301076,1909f56bfc062723c751e8b465ee728b)  -> (artifact id: '7bf05c8897c3e66282967cda37c145f9') in 0.056087 seconds 
========================================================================
Received Import Request.
  Time since last request: 4.610987 seconds.
  path: Assets/Resources/player2ani/idle.anim
  artifactKey: Guid(11f5a3e9f82c1e1448c2473c853986d4) Importer(815301076,1909f56bfc062723c751e8b465ee728b)
Start importing Assets/Resources/player2ani/idle.anim using Guid(11f5a3e9f82c1e1448c2473c853986d4) Importer(815301076,1909f56bfc062723c751e8b465ee728b)  -> (artifact id: 'a6464dd324adc4dd270e142a9442f115') in 0.010866 seconds 
========================================================================
Received Import Request.
  Time since last request: 46.678650 seconds.
  path: Assets/Resources/player3ani/gameOver.anim
  artifactKey: Guid(668edd30a5a867b408e870614dd74d86) Importer(815301076,1909f56bfc062723c751e8b465ee728b)
Start importing Assets/Resources/player3ani/gameOver.anim using Guid(668edd30a5a867b408e870614dd74d86) Importer(815301076,1909f56bfc062723c751e8b465ee728b)  -> (artifact id: 'f6d9809c7342c7a20668abf7a2b5c2c9') in 0.005265 seconds 
========================================================================
Received Import Request.
  Time since last request: 0.269745 seconds.
  path: Assets/Resources/player3ani/idle.anim
  artifactKey: Guid(7e5f454b8a3f4524a9319d9e9a84153d) Importer(815301076,1909f56bfc062723c751e8b465ee728b)
Start importing Assets/Resources/player3ani/idle.anim using Guid(7e5f454b8a3f4524a9319d9e9a84153d) Importer(815301076,1909f56bfc062723c751e8b465ee728b)  -> (artifact id: '999c82904c292bfdf3020dd4cc71fb49') in 0.004788 seconds 
========================================================================
Received Import Request.
  Time since last request: 0.309737 seconds.
  path: Assets/Resources/player3ani/move.anim
  artifactKey: Guid(ee6e75e49c6412f4881d47d77b5bc455) Importer(815301076,1909f56bfc062723c751e8b465ee728b)
Start importing Assets/Resources/player3ani/move.anim using Guid(ee6e75e49c6412f4881d47d77b5bc455) Importer(815301076,1909f56bfc062723c751e8b465ee728b)  -> (artifact id: 'a2d8c7dba96a76de55b911a933a59757') in 0.003285 seconds 
========================================================================
Received Import Request.
  Time since last request: 2.536902 seconds.
  path: Assets/Resources/player3ani/Player3.controller
  artifactKey: Guid(8a1a5f616d777c64bae248d76b58611f) Importer(815301076,1909f56bfc062723c751e8b465ee728b)
Start importing Assets/Resources/player3ani/Player3.controller using Guid(8a1a5f616d777c64bae248d76b58611f) Importer(815301076,1909f56bfc062723c751e8b465ee728b)  -> (artifact id: '11a6b35a2810ffb89c77485f85a8e696') in 0.008976 seconds 
========================================================================
Received Import Request.
  Time since last request: 57.486467 seconds.
  path: Assets/PreFabs/Player2.prefab
  artifactKey: Guid(e994a80f7118bc04da3700c2000fa602) Importer(815301076,1909f56bfc062723c751e8b465ee728b)
Start importing Assets/PreFabs/Player2.prefab using Guid(e994a80f7118bc04da3700c2000fa602) Importer(815301076,1909f56bfc062723c751e8b465ee728b)  -> (artifact id: '55867bfb82473fbfb7a752b87d7e0aab') in 0.093790 seconds 
========================================================================
Received Import Request.
  Time since last request: 25.361284 seconds.
  path: Assets/PreFabs/Player3.prefab
  artifactKey: Guid(47b7c2f003970a649a9377e62d1aa878) Importer(815301076,1909f56bfc062723c751e8b465ee728b)
Start importing Assets/PreFabs/Player3.prefab using Guid(47b7c2f003970a649a9377e62d1aa878) Importer(815301076,1909f56bfc062723c751e8b465ee728b)  -> (artifact id: 'f9756c7267ba9d6e11f17498af8547cd') in 0.017856 seconds 
========================================================================
Received Import Request.
  Time since last request: 203.071155 seconds.
  path: Assets/Resources/player1ani/player1gameOver.anim
  artifactKey: Guid(f97608812da5ffb4e8cd83e95a888f73) Importer(815301076,1909f56bfc062723c751e8b465ee728b)
Start importing Assets/Resources/player1ani/player1gameOver.anim using Guid(f97608812da5ffb4e8cd83e95a888f73) Importer(815301076,1909f56bfc062723c751e8b465ee728b)  -> (artifact id: 'd44712fee2f357bca5a0d4b03720b99f') in 0.008718 seconds 
========================================================================
Received Import Request.
  Time since last request: 1.451431 seconds.
  path: Assets/Resources/player1ani/idle.anim
  artifactKey: Guid(448ea31fe07c46f42b656dbc26c2e8e3) Importer(815301076,1909f56bfc062723c751e8b465ee728b)
Start importing Assets/Resources/player1ani/idle.anim using Guid(448ea31fe07c46f42b656dbc26c2e8e3) Importer(815301076,1909f56bfc062723c751e8b465ee728b)  -> (artifact id: 'fa26e5f371aa87e2322ef89fe3a6b52c') in 0.003755 seconds 
========================================================================
Received Import Request.
  Time since last request: 3.831285 seconds.
  path: Assets/Resources/player1ani/player1idle.anim
  artifactKey: Guid(448ea31fe07c46f42b656dbc26c2e8e3) Importer(815301076,1909f56bfc062723c751e8b465ee728b)
Start importing Assets/Resources/player1ani/player1idle.anim using Guid(448ea31fe07c46f42b656dbc26c2e8e3) Importer(815301076,1909f56bfc062723c751e8b465ee728b)  -> (artifact id: 'e931adc2a28040734da20961c679dff6') in 0.007870 seconds 
========================================================================
Received Import Request.
  Time since last request: 1.321488 seconds.
  path: Assets/Resources/player1ani/move.anim
  artifactKey: Guid(e016e3c91df98c6479b3fb6062474d8f) Importer(815301076,1909f56bfc062723c751e8b465ee728b)
Start importing Assets/Resources/player1ani/move.anim using Guid(e016e3c91df98c6479b3fb6062474d8f) Importer(815301076,1909f56bfc062723c751e8b465ee728b)  -> (artifact id: '742ef95246af0be04501075025127b2c') in 0.005811 seconds 
========================================================================
Received Import Request.
  Time since last request: 3.665652 seconds.
  path: Assets/Resources/player1ani/player1move.anim
  artifactKey: Guid(e016e3c91df98c6479b3fb6062474d8f) Importer(815301076,1909f56bfc062723c751e8b465ee728b)
Start importing Assets/Resources/player1ani/player1move.anim using Guid(e016e3c91df98c6479b3fb6062474d8f) Importer(815301076,1909f56bfc062723c751e8b465ee728b)  -> (artifact id: '942549fd8a0e6122dc85f4302cc81270') in 0.008242 seconds 
========================================================================
Received Import Request.
  Time since last request: 23.616926 seconds.
  path: Assets/Resources/player2ani/player2gameOver.anim
  artifactKey: Guid(9e3c157fac184b047afe0b7745434697) Importer(815301076,1909f56bfc062723c751e8b465ee728b)
Start importing Assets/Resources/player2ani/player2gameOver.anim using Guid(9e3c157fac184b047afe0b7745434697) Importer(815301076,1909f56bfc062723c751e8b465ee728b)  -> (artifact id: '5f39539334b98e9870dfea5e80b2e0ed') in 0.009701 seconds 
========================================================================
Received Import Request.
  Time since last request: 14.721932 seconds.
  path: Assets/Resources/player2ani/player2.anim
  artifactKey: Guid(11f5a3e9f82c1e1448c2473c853986d4) Importer(815301076,1909f56bfc062723c751e8b465ee728b)
Start importing Assets/Resources/player2ani/player2.anim using Guid(11f5a3e9f82c1e1448c2473c853986d4) Importer(815301076,1909f56bfc062723c751e8b465ee728b)  -> (artifact id: '71123fb0728b3d5d335f16ce7413a53f') in 0.011736 seconds 
========================================================================
Received Import Request.
  Time since last request: 5.073951 seconds.
  path: Assets/Resources/player2ani/player2idle.anim
  artifactKey: Guid(11f5a3e9f82c1e1448c2473c853986d4) Importer(815301076,1909f56bfc062723c751e8b465ee728b)
Start importing Assets/Resources/player2ani/player2idle.anim using Guid(11f5a3e9f82c1e1448c2473c853986d4) Importer(815301076,1909f56bfc062723c751e8b465ee728b)  -> (artifact id: 'eb21debd5cf92a03e07fcc5ddcf579da') in 0.013222 seconds 
========================================================================
Received Import Request.
  Time since last request: 3.559068 seconds.
  path: Assets/Resources/player2ani/player2move.anim
  artifactKey: Guid(fac280a538e752741b05b58c519701f3) Importer(815301076,1909f56bfc062723c751e8b465ee728b)
Start importing Assets/Resources/player2ani/player2move.anim using Guid(fac280a538e752741b05b58c519701f3) Importer(815301076,1909f56bfc062723c751e8b465ee728b)  -> (artifact id: '288b214a076eec14c2b3bf0fe224e236') in 0.012243 seconds 
========================================================================
Received Import Request.
  Time since last request: 20.116938 seconds.
  path: Assets/Resources/player3ani/player3move.anim
  artifactKey: Guid(ee6e75e49c6412f4881d47d77b5bc455) Importer(815301076,1909f56bfc062723c751e8b465ee728b)
Start importing Assets/Resources/player3ani/player3move.anim using Guid(ee6e75e49c6412f4881d47d77b5bc455) Importer(815301076,1909f56bfc062723c751e8b465ee728b)  -> (artifact id: '55c2eea70c2110ac740b5dbe2aaadf85') in 0.017332 seconds 
========================================================================
Received Import Request.
  Time since last request: 2.938747 seconds.
  path: Assets/Resources/player3ani/player3idle.anim
  artifactKey: Guid(7e5f454b8a3f4524a9319d9e9a84153d) Importer(815301076,1909f56bfc062723c751e8b465ee728b)
Start importing Assets/Resources/player3ani/player3idle.anim using Guid(7e5f454b8a3f4524a9319d9e9a84153d) Importer(815301076,1909f56bfc062723c751e8b465ee728b)  -> (artifact id: 'fbe4b00d4286abf7738bcf326b2cb0e8') in 0.018063 seconds 
========================================================================
Received Import Request.
  Time since last request: 3.433857 seconds.
  path: Assets/Resources/player3ani/player3gameOver.anim
  artifactKey: Guid(668edd30a5a867b408e870614dd74d86) Importer(815301076,1909f56bfc062723c751e8b465ee728b)
Start importing Assets/Resources/player3ani/player3gameOver.anim using Guid(668edd30a5a867b408e870614dd74d86) Importer(815301076,1909f56bfc062723c751e8b465ee728b)  -> (artifact id: '52ca54284f2341cbc431e6cdf3c6a172') in 0.007743 seconds 
========================================================================
Received Import Request.
  Time since last request: 42.977947 seconds.
  path: Assets/PreFabs/ch1.prefab
  artifactKey: Guid(0eb6c47353e68864a89a4e2be81d81c9) Importer(815301076,1909f56bfc062723c751e8b465ee728b)
Start importing Assets/PreFabs/ch1.prefab using Guid(0eb6c47353e68864a89a4e2be81d81c9) Importer(815301076,1909f56bfc062723c751e8b465ee728b)  -> (artifact id: 'd8648ab9da6303a524b8a2be9d780f79') in 0.016940 seconds 
========================================================================
Received Import Request.
  Time since last request: 3.478277 seconds.
  path: Assets/PreFabs/ch2.prefab
  artifactKey: Guid(e994a80f7118bc04da3700c2000fa602) Importer(815301076,1909f56bfc062723c751e8b465ee728b)
Start importing Assets/PreFabs/ch2.prefab using Guid(e994a80f7118bc04da3700c2000fa602) Importer(815301076,1909f56bfc062723c751e8b465ee728b)  -> (artifact id: 'c8d7e0423a236629a30cd9661336ba55') in 0.015619 seconds 
========================================================================
Received Import Request.
  Time since last request: 4.170882 seconds.
  path: Assets/PreFabs/ch3.prefab
  artifactKey: Guid(47b7c2f003970a649a9377e62d1aa878) Importer(815301076,1909f56bfc062723c751e8b465ee728b)
Start importing Assets/PreFabs/ch3.prefab using Guid(47b7c2f003970a649a9377e62d1aa878) Importer(815301076,1909f56bfc062723c751e8b465ee728b)  -> (artifact id: 'ba17479a02dc8f20c27ded7ea3576f7b') in 0.020429 seconds 
========================================================================
Received Import Request.
  Time since last request: 26.124977 seconds.
  path: Assets/Resources/ch3ani/ch3.controller
  artifactKey: Guid(8a1a5f616d777c64bae248d76b58611f) Importer(815301076,1909f56bfc062723c751e8b465ee728b)
Start importing Assets/Resources/ch3ani/ch3.controller using Guid(8a1a5f616d777c64bae248d76b58611f) Importer(815301076,1909f56bfc062723c751e8b465ee728b)  -> (artifact id: 'd84dec2d795e4a149729831930dd217a') in 0.004917 seconds 
========================================================================
Received Import Request.
  Time since last request: 4.681236 seconds.
  path: Assets/Resources/ch3ani/ch3gameOver.anim
  artifactKey: Guid(668edd30a5a867b408e870614dd74d86) Importer(815301076,1909f56bfc062723c751e8b465ee728b)
Start importing Assets/Resources/ch3ani/ch3gameOver.anim using Guid(668edd30a5a867b408e870614dd74d86) Importer(815301076,1909f56bfc062723c751e8b465ee728b)  -> (artifact id: '2e147f8718b155643e0a9605c74d6a35') in 0.009742 seconds 
========================================================================
Received Import Request.
  Time since last request: 8.954218 seconds.
  path: Assets/Resources/ch3ani/ch3idle.anim
  artifactKey: Guid(7e5f454b8a3f4524a9319d9e9a84153d) Importer(815301076,1909f56bfc062723c751e8b465ee728b)
Start importing Assets/Resources/ch3ani/ch3idle.anim using Guid(7e5f454b8a3f4524a9319d9e9a84153d) Importer(815301076,1909f56bfc062723c751e8b465ee728b)  -> (artifact id: 'a7cedeefdaeb5b79ce026d4f2da21d6b') in 0.010527 seconds 
========================================================================
Received Import Request.
  Time since last request: 7.959486 seconds.
  path: Assets/Resources/ch3ani/ch3move.anim
  artifactKey: Guid(ee6e75e49c6412f4881d47d77b5bc455) Importer(815301076,1909f56bfc062723c751e8b465ee728b)
Start importing Assets/Resources/ch3ani/ch3move.anim using Guid(ee6e75e49c6412f4881d47d77b5bc455) Importer(815301076,1909f56bfc062723c751e8b465ee728b)  -> (artifact id: 'fff48d5eb03246c4660bd9ad5fa5a565') in 0.009536 seconds 
========================================================================
Received Import Request.
  Time since last request: 16.288278 seconds.
  path: Assets/Resources/ch2ani/ch2.controller
  artifactKey: Guid(bd9db54831016634f93710a881559443) Importer(815301076,1909f56bfc062723c751e8b465ee728b)
Start importing Assets/Resources/ch2ani/ch2.controller using Guid(bd9db54831016634f93710a881559443) Importer(815301076,1909f56bfc062723c751e8b465ee728b)  -> (artifact id: 'e633a293a32db2ad6804672462278602') in 0.005649 seconds 
========================================================================
Received Import Request.
  Time since last request: 4.485641 seconds.
  path: Assets/Resources/ch2ani/ch2gameOver.anim
  artifactKey: Guid(9e3c157fac184b047afe0b7745434697) Importer(815301076,1909f56bfc062723c751e8b465ee728b)
Start importing Assets/Resources/ch2ani/ch2gameOver.anim using Guid(9e3c157fac184b047afe0b7745434697) Importer(815301076,1909f56bfc062723c751e8b465ee728b)  -> (artifact id: 'a517bc286753f3a13d039dcb033accf3') in 0.009900 seconds 
========================================================================
Received Import Request.
  Time since last request: 5.129002 seconds.
  path: Assets/Resources/ch2ani/ch2idle.anim
  artifactKey: Guid(11f5a3e9f82c1e1448c2473c853986d4) Importer(815301076,1909f56bfc062723c751e8b465ee728b)
Start importing Assets/Resources/ch2ani/ch2idle.anim using Guid(11f5a3e9f82c1e1448c2473c853986d4) Importer(815301076,1909f56bfc062723c751e8b465ee728b)  -> (artifact id: 'd7f1a3c21e966db3931214f981a61612') in 0.008382 seconds 
========================================================================
Received Import Request.
  Time since last request: 4.390069 seconds.
  path: Assets/Resources/ch2ani/ch2move.anim
  artifactKey: Guid(fac280a538e752741b05b58c519701f3) Importer(815301076,1909f56bfc062723c751e8b465ee728b)
Start importing Assets/Resources/ch2ani/ch2move.anim using Guid(fac280a538e752741b05b58c519701f3) Importer(815301076,1909f56bfc062723c751e8b465ee728b)  -> (artifact id: 'f432ceaacf373ad64b3c4859c183ddc2') in 0.007297 seconds 
========================================================================
Received Import Request.
  Time since last request: 2.113589 seconds.
  path: Assets/Resources/ch1ani/Player1.controller
  artifactKey: Guid(d8abfedd01b63154887151c00eafebd7) Importer(815301076,1909f56bfc062723c751e8b465ee728b)
Start importing Assets/Resources/ch1ani/Player1.controller using Guid(d8abfedd01b63154887151c00eafebd7) Importer(815301076,1909f56bfc062723c751e8b465ee728b)  -> (artifact id: 'c9121b7a2b38eed1ca618e99227ce72b') in 0.009298 seconds 
========================================================================
Received Import Request.
  Time since last request: 1.995677 seconds.
  path: Assets/Resources/ch1ani/ch1.controller
  artifactKey: Guid(d8abfedd01b63154887151c00eafebd7) Importer(815301076,1909f56bfc062723c751e8b465ee728b)
Start importing Assets/Resources/ch1ani/ch1.controller using Guid(d8abfedd01b63154887151c00eafebd7) Importer(815301076,1909f56bfc062723c751e8b465ee728b)  -> (artifact id: '99cb6b29e8d54b3be809af8b10109df9') in 0.004300 seconds 
========================================================================
Received Import Request.
  Time since last request: 4.653658 seconds.
  path: Assets/Resources/ch1ani/ch1gameOver.anim
  artifactKey: Guid(f97608812da5ffb4e8cd83e95a888f73) Importer(815301076,1909f56bfc062723c751e8b465ee728b)
Start importing Assets/Resources/ch1ani/ch1gameOver.anim using Guid(f97608812da5ffb4e8cd83e95a888f73) Importer(815301076,1909f56bfc062723c751e8b465ee728b)  -> (artifact id: '6d15ece67b02a319b98ef529b6772d07') in 0.012750 seconds 
========================================================================
Received Import Request.
  Time since last request: 7.231281 seconds.
  path: Assets/Resources/ch1ani/ch1idle.anim
  artifactKey: Guid(448ea31fe07c46f42b656dbc26c2e8e3) Importer(815301076,1909f56bfc062723c751e8b465ee728b)
Start importing Assets/Resources/ch1ani/ch1idle.anim using Guid(448ea31fe07c46f42b656dbc26c2e8e3) Importer(815301076,1909f56bfc062723c751e8b465ee728b)  -> (artifact id: 'c3009257b15194681d75e6a9eef95337') in 0.010663 seconds 
========================================================================
Received Import Request.
  Time since last request: 5.438262 seconds.
  path: Assets/Resources/ch1ani/ch11move.anim
  artifactKey: Guid(e016e3c91df98c6479b3fb6062474d8f) Importer(815301076,1909f56bfc062723c751e8b465ee728b)
Start importing Assets/Resources/ch1ani/ch11move.anim using Guid(e016e3c91df98c6479b3fb6062474d8f) Importer(815301076,1909f56bfc062723c751e8b465ee728b)  -> (artifact id: 'e510687fade9c67a40fa2779d7801676') in 0.010081 seconds 
========================================================================
Received Import Request.
  Time since last request: 5.183772 seconds.
  path: Assets/Resources/ch1ani/ch1move.anim
  artifactKey: Guid(e016e3c91df98c6479b3fb6062474d8f) Importer(815301076,1909f56bfc062723c751e8b465ee728b)
Start importing Assets/Resources/ch1ani/ch1move.anim using Guid(e016e3c91df98c6479b3fb6062474d8f) Importer(815301076,1909f56bfc062723c751e8b465ee728b)  -> (artifact id: 'f148df9760c44705c7994631a7cefd15') in 0.008777 seconds 
========================================================================
Received Prepare
Registering precompiled user dll's ...
Registered in 0.003172 seconds.
Begin MonoManager ReloadAssembly
Symbol file LoadedFromMemory doesn't match image D:\한국it자료\게임엔진\2학년 2학기 심화\fpsGame\Infinite stair\Library\PackageCache\com.unity.visualscripting@1.6.1\Editor\VisualScripting.Core\Dependencies\YamlDotNet\Unity.VisualScripting.YamlDotNet.dll
Symbol file LoadedFromMemory doesn't match image D:\한국it자료\게임엔진\2학년 2학기 심화\fpsGame\Infinite stair\Library\PackageCache\com.unity.visualscripting@1.6.1\Editor\VisualScripting.Core\Dependencies\DotNetZip\Unity.VisualScripting.IonicZip.dll
Native extension for WindowsStandalone target not found
Refreshing native plugins compatible for Editor in 0.64 ms, found 4 plugins.
Preloading 0 native plugins for Editor in 0.00 ms.
Mono: successfully reloaded assembly
- Completed reload, in  1.146 seconds
Domain Reload Profiling:
	ReloadAssembly (1146ms)
		BeginReloadAssembly (132ms)
			ExecutionOrderSort (0ms)
			DisableScriptedObjects (7ms)
			BackupInstance (0ms)
			ReleaseScriptingObjects (0ms)
			CreateAndSetChildDomain (45ms)
		EndReloadAssembly (946ms)
			LoadAssemblies (103ms)
			RebuildTransferFunctionScriptingTraits (0ms)
			SetupTypeCache (398ms)
			ReleaseScriptCaches (1ms)
			RebuildScriptCaches (45ms)
			SetupLoadedEditorAssemblies (319ms)
				LogAssemblyErrors (0ms)
				InitializePlatformSupportModulesInManaged (4ms)
				SetLoadedEditorAssemblies (0ms)
				RefreshPlugins (1ms)
				BeforeProcessingInitializeOnLoad (59ms)
				ProcessInitializeOnLoadAttributes (241ms)
				ProcessInitializeOnLoadMethodAttributes (7ms)
				AfterProcessingInitializeOnLoad (7ms)
				EditorAssembliesLoaded (0ms)
			ExecutionOrderSort2 (0ms)
			AwakeInstancesAfterBackupRestoration (10ms)
Platform modules already initialized, skipping
Refreshing native plugins compatible for Editor in 0.68 ms, found 4 plugins.
Preloading 0 native plugins for Editor in 0.00 ms.
Unloading 3677 Unused Serialized files (Serialized files now loaded: 0)
System memory in use before: 142.3 MB.
System memory in use after: 142.5 MB.

Unloading 18 unused Assets to reduce memory usage. Loaded Objects now: 4179.
Total: 3.194400 ms (FindLiveObjects: 0.285800 ms CreateObjectMapping: 0.185200 ms MarkObjects: 2.704400 ms  DeleteObjects: 0.017900 ms)

AssetImportParameters requested are different than current active one (requested -> active):
  custom:framework-win-MediaFoundation: 216162199b28c13a410421893ffa2e32 -> 
  custom:video-decoder-ogg-theora: a1e56fd34408186e4bbccfd4996cb3dc -> 
  custom:container-muxer-webm: aa71ff27fc2769a1b78a27578f13a17b -> 
  custom:container-demuxer-webm: 4f35f7cbe854078d1ac9338744f61a02 -> 
  custom:container-demuxer-ogg: 62fdf1f143b41e24485cea50d1cbac27 -> 
  custom:video-encoder-webm-vp8: eb34c28f22e8b96e1ab97ce403110664 -> 
  custom:video-codec-MediaFoundation-h265: 746d11721c4dcdbdad8f713fa42b33f4 -> 
  custom:video-decoder-webm-vp8: 9c59270c3fd7afecdb556c50c9e8de78 -> 
  custom:audio-decoder-ogg-vorbis: bf7c407c2cedff20999df2af8eb42d56 -> 
  custom:audio-encoder-webm-vorbis: bf7c407c2cedff20999df2af8eb42d56 -> 
========================================================================
Received Import Request.
  Time since last request: 565.358555 seconds.
  path: Assets/Resources/무한의계단 스프라이트/Sprites/보안관2.png
  artifactKey: Guid(9b807cf6a51f62a4e9cd258db37be89f) Importer(815301076,1909f56bfc062723c751e8b465ee728b)
Start importing Assets/Resources/무한의계단 스프라이트/Sprites/보안관2.png using Guid(9b807cf6a51f62a4e9cd258db37be89f) Importer(815301076,1909f56bfc062723c751e8b465ee728b)  -> (artifact id: '684ce7019dff7ed135cbe4f39be7e71f') in 0.097519 seconds 
========================================================================
Received Prepare
Registering precompiled user dll's ...
Registered in 0.003190 seconds.
Begin MonoManager ReloadAssembly
Symbol file LoadedFromMemory doesn't match image D:\한국it자료\게임엔진\2학년 2학기 심화\fpsGame\Infinite stair\Library\PackageCache\com.unity.visualscripting@1.6.1\Editor\VisualScripting.Core\Dependencies\YamlDotNet\Unity.VisualScripting.YamlDotNet.dll
Symbol file LoadedFromMemory doesn't match image D:\한국it자료\게임엔진\2학년 2학기 심화\fpsGame\Infinite stair\Library\PackageCache\com.unity.visualscripting@1.6.1\Editor\VisualScripting.Core\Dependencies\DotNetZip\Unity.VisualScripting.IonicZip.dll
Native extension for WindowsStandalone target not found
Refreshing native plugins compatible for Editor in 1.20 ms, found 4 plugins.
Preloading 0 native plugins for Editor in 0.00 ms.
Mono: successfully reloaded assembly
- Completed reload, in  1.184 seconds
Domain Reload Profiling:
	ReloadAssembly (1185ms)
		BeginReloadAssembly (121ms)
			ExecutionOrderSort (0ms)
			DisableScriptedObjects (6ms)
			BackupInstance (0ms)
			ReleaseScriptingObjects (0ms)
			CreateAndSetChildDomain (40ms)
		EndReloadAssembly (1007ms)
			LoadAssemblies (97ms)
			RebuildTransferFunctionScriptingTraits (0ms)
			SetupTypeCache (353ms)
			ReleaseScriptCaches (1ms)
			RebuildScriptCaches (61ms)
			SetupLoadedEditorAssemblies (364ms)
				LogAssemblyErrors (0ms)
				InitializePlatformSupportModulesInManaged (6ms)
				SetLoadedEditorAssemblies (1ms)
				RefreshPlugins (1ms)
				BeforeProcessingInitializeOnLoad (78ms)
				ProcessInitializeOnLoadAttributes (263ms)
				ProcessInitializeOnLoadMethodAttributes (8ms)
				AfterProcessingInitializeOnLoad (6ms)
				EditorAssembliesLoaded (0ms)
			ExecutionOrderSort2 (0ms)
			AwakeInstancesAfterBackupRestoration (16ms)
Platform modules already initialized, skipping
Refreshing native plugins compatible for Editor in 0.81 ms, found 4 plugins.
Preloading 0 native plugins for Editor in 0.00 ms.
Unloading 3678 Unused Serialized files (Serialized files now loaded: 0)
System memory in use before: 143.1 MB.
System memory in use after: 143.4 MB.

Unloading 18 unused Assets to reduce memory usage. Loaded Objects now: 4201.
Total: 4.246200 ms (FindLiveObjects: 0.244200 ms CreateObjectMapping: 0.132900 ms MarkObjects: 3.830400 ms  DeleteObjects: 0.036700 ms)

AssetImportParameters requested are different than current active one (requested -> active):
  custom:framework-win-MediaFoundation: 216162199b28c13a410421893ffa2e32 -> 
  custom:video-decoder-ogg-theora: a1e56fd34408186e4bbccfd4996cb3dc -> 
  custom:container-muxer-webm: aa71ff27fc2769a1b78a27578f13a17b -> 
  custom:container-demuxer-webm: 4f35f7cbe854078d1ac9338744f61a02 -> 
  custom:container-demuxer-ogg: 62fdf1f143b41e24485cea50d1cbac27 -> 
  custom:video-encoder-webm-vp8: eb34c28f22e8b96e1ab97ce403110664 -> 
  custom:video-codec-MediaFoundation-h265: 746d11721c4dcdbdad8f713fa42b33f4 -> 
  custom:video-decoder-webm-vp8: 9c59270c3fd7afecdb556c50c9e8de78 -> 
  custom:audio-decoder-ogg-vorbis: bf7c407c2cedff20999df2af8eb42d56 -> 
  custom:audio-encoder-webm-vorbis: bf7c407c2cedff20999df2af8eb42d56 -> 
========================================================================
Received Prepare
Registering precompiled user dll's ...
Registered in 0.003463 seconds.
Begin MonoManager ReloadAssembly
Symbol file LoadedFromMemory doesn't match image D:\한국it자료\게임엔진\2학년 2학기 심화\fpsGame\Infinite stair\Library\PackageCache\com.unity.visualscripting@1.6.1\Editor\VisualScripting.Core\Dependencies\YamlDotNet\Unity.VisualScripting.YamlDotNet.dll
Symbol file LoadedFromMemory doesn't match image D:\한국it자료\게임엔진\2학년 2학기 심화\fpsGame\Infinite stair\Library\PackageCache\com.unity.visualscripting@1.6.1\Editor\VisualScripting.Core\Dependencies\DotNetZip\Unity.VisualScripting.IonicZip.dll
Native extension for WindowsStandalone target not found
Refreshing native plugins compatible for Editor in 1.47 ms, found 4 plugins.
Preloading 0 native plugins for Editor in 0.00 ms.
Mono: successfully reloaded assembly
- Completed reload, in  1.195 seconds
Domain Reload Profiling:
	ReloadAssembly (1195ms)
		BeginReloadAssembly (116ms)
			ExecutionOrderSort (0ms)
			DisableScriptedObjects (8ms)
			BackupInstance (0ms)
			ReleaseScriptingObjects (0ms)
			CreateAndSetChildDomain (33ms)
		EndReloadAssembly (1007ms)
			LoadAssemblies (99ms)
			RebuildTransferFunctionScriptingTraits (0ms)
			SetupTypeCache (386ms)
			ReleaseScriptCaches (1ms)
			RebuildScriptCaches (47ms)
			SetupLoadedEditorAssemblies (367ms)
				LogAssemblyErrors (0ms)
				InitializePlatformSupportModulesInManaged (5ms)
				SetLoadedEditorAssemblies (1ms)
				RefreshPlugins (2ms)
				BeforeProcessingInitializeOnLoad (77ms)
				ProcessInitializeOnLoadAttributes (266ms)
				ProcessInitializeOnLoadMethodAttributes (9ms)
				AfterProcessingInitializeOnLoad (8ms)
				EditorAssembliesLoaded (0ms)
			ExecutionOrderSort2 (0ms)
			AwakeInstancesAfterBackupRestoration (16ms)
Platform modules already initialized, skipping
Refreshing native plugins compatible for Editor in 0.87 ms, found 4 plugins.
Preloading 0 native plugins for Editor in 0.00 ms.
Unloading 3677 Unused Serialized files (Serialized files now loaded: 0)
System memory in use before: 143.1 MB.
System memory in use after: 143.3 MB.

Unloading 18 unused Assets to reduce memory usage. Loaded Objects now: 4204.
Total: 3.625600 ms (FindLiveObjects: 0.333600 ms CreateObjectMapping: 0.227000 ms MarkObjects: 3.036200 ms  DeleteObjects: 0.027600 ms)

AssetImportParameters requested are different than current active one (requested -> active):
  custom:framework-win-MediaFoundation: 216162199b28c13a410421893ffa2e32 -> 
  custom:video-decoder-ogg-theora: a1e56fd34408186e4bbccfd4996cb3dc -> 
  custom:container-muxer-webm: aa71ff27fc2769a1b78a27578f13a17b -> 
  custom:container-demuxer-webm: 4f35f7cbe854078d1ac9338744f61a02 -> 
  custom:container-demuxer-ogg: 62fdf1f143b41e24485cea50d1cbac27 -> 
  custom:video-encoder-webm-vp8: eb34c28f22e8b96e1ab97ce403110664 -> 
  custom:video-codec-MediaFoundation-h265: 746d11721c4dcdbdad8f713fa42b33f4 -> 
  custom:video-decoder-webm-vp8: 9c59270c3fd7afecdb556c50c9e8de78 -> 
  custom:audio-decoder-ogg-vorbis: bf7c407c2cedff20999df2af8eb42d56 -> 
  custom:audio-encoder-webm-vorbis: bf7c407c2cedff20999df2af8eb42d56 -> 
========================================================================
Received Prepare
Registering precompiled user dll's ...
Registered in 0.003391 seconds.
Begin MonoManager ReloadAssembly
Symbol file LoadedFromMemory doesn't match image D:\한국it자료\게임엔진\2학년 2학기 심화\fpsGame\Infinite stair\Library\PackageCache\com.unity.visualscripting@1.6.1\Editor\VisualScripting.Core\Dependencies\YamlDotNet\Unity.VisualScripting.YamlDotNet.dll
Symbol file LoadedFromMemory doesn't match image D:\한국it자료\게임엔진\2학년 2학기 심화\fpsGame\Infinite stair\Library\PackageCache\com.unity.visualscripting@1.6.1\Editor\VisualScripting.Core\Dependencies\DotNetZip\Unity.VisualScripting.IonicZip.dll
Native extension for WindowsStandalone target not found
Refreshing native plugins compatible for Editor in 0.79 ms, found 4 plugins.
Preloading 0 native plugins for Editor in 0.00 ms.
Mono: successfully reloaded assembly
- Completed reload, in  1.191 seconds
Domain Reload Profiling:
	ReloadAssembly (1191ms)
		BeginReloadAssembly (111ms)
			ExecutionOrderSort (0ms)
			DisableScriptedObjects (9ms)
			BackupInstance (0ms)
			ReleaseScriptingObjects (0ms)
			CreateAndSetChildDomain (33ms)
		EndReloadAssembly (1024ms)
			LoadAssemblies (88ms)
			RebuildTransferFunctionScriptingTraits (0ms)
			SetupTypeCache (344ms)
			ReleaseScriptCaches (1ms)
			RebuildScriptCaches (56ms)
			SetupLoadedEditorAssemblies (370ms)
				LogAssemblyErrors (0ms)
				InitializePlatformSupportModulesInManaged (6ms)
				SetLoadedEditorAssemblies (0ms)
				RefreshPlugins (1ms)
				BeforeProcessingInitializeOnLoad (64ms)
				ProcessInitializeOnLoadAttributes (284ms)
				ProcessInitializeOnLoadMethodAttributes (8ms)
				AfterProcessingInitializeOnLoad (6ms)
				EditorAssembliesLoaded (0ms)
			ExecutionOrderSort2 (0ms)
			AwakeInstancesAfterBackupRestoration (13ms)
Platform modules already initialized, skipping
Refreshing native plugins compatible for Editor in 0.74 ms, found 4 plugins.
Preloading 0 native plugins for Editor in 0.00 ms.
Unloading 3677 Unused Serialized files (Serialized files now loaded: 0)
System memory in use before: 143.1 MB.
System memory in use after: 143.3 MB.

Unloading 18 unused Assets to reduce memory usage. Loaded Objects now: 4207.
Total: 3.296700 ms (FindLiveObjects: 0.246500 ms CreateObjectMapping: 0.114800 ms MarkObjects: 2.918200 ms  DeleteObjects: 0.016500 ms)

AssetImportParameters requested are different than current active one (requested -> active):
  custom:framework-win-MediaFoundation: 216162199b28c13a410421893ffa2e32 -> 
  custom:video-decoder-ogg-theora: a1e56fd34408186e4bbccfd4996cb3dc -> 
  custom:container-muxer-webm: aa71ff27fc2769a1b78a27578f13a17b -> 
  custom:container-demuxer-webm: 4f35f7cbe854078d1ac9338744f61a02 -> 
  custom:container-demuxer-ogg: 62fdf1f143b41e24485cea50d1cbac27 -> 
  custom:video-encoder-webm-vp8: eb34c28f22e8b96e1ab97ce403110664 -> 
  custom:video-codec-MediaFoundation-h265: 746d11721c4dcdbdad8f713fa42b33f4 -> 
  custom:video-decoder-webm-vp8: 9c59270c3fd7afecdb556c50c9e8de78 -> 
  custom:audio-decoder-ogg-vorbis: bf7c407c2cedff20999df2af8eb42d56 -> 
  custom:audio-encoder-webm-vorbis: bf7c407c2cedff20999df2af8eb42d56 -> 
========================================================================
Received Import Request.
  Time since last request: 83.485156 seconds.
  path: Assets/Resources/무한의계단 스프라이트/Sprites/배관공2.png
  artifactKey: Guid(0b7c511129c6ba5408a5df40568787cf) Importer(815301076,1909f56bfc062723c751e8b465ee728b)
Start importing Assets/Resources/무한의계단 스프라이트/Sprites/배관공2.png using Guid(0b7c511129c6ba5408a5df40568787cf) Importer(815301076,1909f56bfc062723c751e8b465ee728b)  -> (artifact id: 'fe54e28a1442a0dcbd1cd0aab958aba1') in 0.079178 seconds 
========================================================================
Received Prepare
Registering precompiled user dll's ...
Registered in 0.003205 seconds.
Begin MonoManager ReloadAssembly
Symbol file LoadedFromMemory doesn't match image D:\한국it자료\게임엔진\2학년 2학기 심화\fpsGame\Infinite stair\Library\PackageCache\com.unity.visualscripting@1.6.1\Editor\VisualScripting.Core\Dependencies\YamlDotNet\Unity.VisualScripting.YamlDotNet.dll
Symbol file LoadedFromMemory doesn't match image D:\한국it자료\게임엔진\2학년 2학기 심화\fpsGame\Infinite stair\Library\PackageCache\com.unity.visualscripting@1.6.1\Editor\VisualScripting.Core\Dependencies\DotNetZip\Unity.VisualScripting.IonicZip.dll
Native extension for WindowsStandalone target not found
Refreshing native plugins compatible for Editor in 0.71 ms, found 4 plugins.
Preloading 0 native plugins for Editor in 0.00 ms.
Mono: successfully reloaded assembly
- Completed reload, in  1.374 seconds
Domain Reload Profiling:
	ReloadAssembly (1374ms)
		BeginReloadAssembly (107ms)
			ExecutionOrderSort (0ms)
			DisableScriptedObjects (6ms)
			BackupInstance (0ms)
			ReleaseScriptingObjects (0ms)
			CreateAndSetChildDomain (33ms)
		EndReloadAssembly (1213ms)
			LoadAssemblies (86ms)
			RebuildTransferFunctionScriptingTraits (0ms)
			SetupTypeCache (543ms)
			ReleaseScriptCaches (3ms)
			RebuildScriptCaches (68ms)
			SetupLoadedEditorAssemblies (347ms)
				LogAssemblyErrors (0ms)
				InitializePlatformSupportModulesInManaged (6ms)
				SetLoadedEditorAssemblies (0ms)
				RefreshPlugins (1ms)
				BeforeProcessingInitializeOnLoad (69ms)
				ProcessInitializeOnLoadAttributes (250ms)
				ProcessInitializeOnLoadMethodAttributes (13ms)
				AfterProcessingInitializeOnLoad (7ms)
				EditorAssembliesLoaded (0ms)
			ExecutionOrderSort2 (0ms)
			AwakeInstancesAfterBackupRestoration (15ms)
Platform modules already initialized, skipping
Refreshing native plugins compatible for Editor in 0.92 ms, found 4 plugins.
Preloading 0 native plugins for Editor in 0.00 ms.
Unloading 3678 Unused Serialized files (Serialized files now loaded: 0)
System memory in use before: 143.7 MB.
System memory in use after: 144.0 MB.

Unloading 18 unused Assets to reduce memory usage. Loaded Objects now: 4228.
Total: 4.226000 ms (FindLiveObjects: 0.455600 ms CreateObjectMapping: 0.209800 ms MarkObjects: 3.531100 ms  DeleteObjects: 0.028000 ms)

AssetImportParameters requested are different than current active one (requested -> active):
  custom:framework-win-MediaFoundation: 216162199b28c13a410421893ffa2e32 -> 
  custom:video-decoder-ogg-theora: a1e56fd34408186e4bbccfd4996cb3dc -> 
  custom:container-muxer-webm: aa71ff27fc2769a1b78a27578f13a17b -> 
  custom:container-demuxer-webm: 4f35f7cbe854078d1ac9338744f61a02 -> 
  custom:container-demuxer-ogg: 62fdf1f143b41e24485cea50d1cbac27 -> 
  custom:video-encoder-webm-vp8: eb34c28f22e8b96e1ab97ce403110664 -> 
  custom:video-codec-MediaFoundation-h265: 746d11721c4dcdbdad8f713fa42b33f4 -> 
  custom:video-decoder-webm-vp8: 9c59270c3fd7afecdb556c50c9e8de78 -> 
  custom:audio-decoder-ogg-vorbis: bf7c407c2cedff20999df2af8eb42d56 -> 
  custom:audio-encoder-webm-vorbis: bf7c407c2cedff20999df2af8eb42d56 -> 
========================================================================
Received Import Request.
  Time since last request: 33.278604 seconds.
  path: Assets/Resources/무한의계단 스프라이트/Sprites/배관공2.png
  artifactKey: Guid(0b7c511129c6ba5408a5df40568787cf) Importer(815301076,1909f56bfc062723c751e8b465ee728b)
Start importing Assets/Resources/무한의계단 스프라이트/Sprites/배관공2.png using Guid(0b7c511129c6ba5408a5df40568787cf) Importer(815301076,1909f56bfc062723c751e8b465ee728b)  -> (artifact id: '1896fd25748e1c13c9b6a271d1dc67db') in 0.055888 seconds 
========================================================================
Received Prepare
Registering precompiled user dll's ...
Registered in 0.003679 seconds.
Begin MonoManager ReloadAssembly
Symbol file LoadedFromMemory doesn't match image D:\한국it자료\게임엔진\2학년 2학기 심화\fpsGame\Infinite stair\Library\PackageCache\com.unity.visualscripting@1.6.1\Editor\VisualScripting.Core\Dependencies\YamlDotNet\Unity.VisualScripting.YamlDotNet.dll
Symbol file LoadedFromMemory doesn't match image D:\한국it자료\게임엔진\2학년 2학기 심화\fpsGame\Infinite stair\Library\PackageCache\com.unity.visualscripting@1.6.1\Editor\VisualScripting.Core\Dependencies\DotNetZip\Unity.VisualScripting.IonicZip.dll
Native extension for WindowsStandalone target not found
Refreshing native plugins compatible for Editor in 0.89 ms, found 4 plugins.
Preloading 0 native plugins for Editor in 0.00 ms.
Mono: successfully reloaded assembly
- Completed reload, in  1.487 seconds
Domain Reload Profiling:
	ReloadAssembly (1488ms)
		BeginReloadAssembly (168ms)
			ExecutionOrderSort (0ms)
			DisableScriptedObjects (8ms)
			BackupInstance (0ms)
			ReleaseScriptingObjects (0ms)
			CreateAndSetChildDomain (62ms)
		EndReloadAssembly (1235ms)
			LoadAssemblies (123ms)
			RebuildTransferFunctionScriptingTraits (0ms)
			SetupTypeCache (482ms)
			ReleaseScriptCaches (2ms)
			RebuildScriptCaches (64ms)
			SetupLoadedEditorAssemblies (432ms)
				LogAssemblyErrors (0ms)
				InitializePlatformSupportModulesInManaged (5ms)
				SetLoadedEditorAssemblies (0ms)
				RefreshPlugins (1ms)
				BeforeProcessingInitializeOnLoad (84ms)
				ProcessInitializeOnLoadAttributes (319ms)
				ProcessInitializeOnLoadMethodAttributes (13ms)
				AfterProcessingInitializeOnLoad (10ms)
				EditorAssembliesLoaded (0ms)
			ExecutionOrderSort2 (0ms)
			AwakeInstancesAfterBackupRestoration (22ms)
Platform modules already initialized, skipping
Refreshing native plugins compatible for Editor in 1.35 ms, found 4 plugins.
Preloading 0 native plugins for Editor in 0.00 ms.
Unloading 3677 Unused Serialized files (Serialized files now loaded: 0)
System memory in use before: 144.1 MB.
System memory in use after: 144.3 MB.

Unloading 18 unused Assets to reduce memory usage. Loaded Objects now: 4246.
Total: 4.316800 ms (FindLiveObjects: 0.314500 ms CreateObjectMapping: 0.213300 ms MarkObjects: 3.744100 ms  DeleteObjects: 0.042800 ms)

AssetImportParameters requested are different than current active one (requested -> active):
  custom:framework-win-MediaFoundation: 216162199b28c13a410421893ffa2e32 -> 
  custom:video-decoder-ogg-theora: a1e56fd34408186e4bbccfd4996cb3dc -> 
  custom:container-muxer-webm: aa71ff27fc2769a1b78a27578f13a17b -> 
  custom:container-demuxer-webm: 4f35f7cbe854078d1ac9338744f61a02 -> 
  custom:container-demuxer-ogg: 62fdf1f143b41e24485cea50d1cbac27 -> 
  custom:video-encoder-webm-vp8: eb34c28f22e8b96e1ab97ce403110664 -> 
  custom:video-codec-MediaFoundation-h265: 746d11721c4dcdbdad8f713fa42b33f4 -> 
  custom:video-decoder-webm-vp8: 9c59270c3fd7afecdb556c50c9e8de78 -> 
  custom:audio-decoder-ogg-vorbis: bf7c407c2cedff20999df2af8eb42d56 -> 
  custom:audio-encoder-webm-vorbis: bf7c407c2cedff20999df2af8eb42d56 -> 
========================================================================
Received Prepare
Registering precompiled user dll's ...
Registered in 0.004008 seconds.
Begin MonoManager ReloadAssembly
Symbol file LoadedFromMemory doesn't match image D:\한국it자료\게임엔진\2학년 2학기 심화\fpsGame\Infinite stair\Library\PackageCache\com.unity.visualscripting@1.6.1\Editor\VisualScripting.Core\Dependencies\YamlDotNet\Unity.VisualScripting.YamlDotNet.dll
Symbol file LoadedFromMemory doesn't match image D:\한국it자료\게임엔진\2학년 2학기 심화\fpsGame\Infinite stair\Library\PackageCache\com.unity.visualscripting@1.6.1\Editor\VisualScripting.Core\Dependencies\DotNetZip\Unity.VisualScripting.IonicZip.dll
Native extension for WindowsStandalone target not found
Refreshing native plugins compatible for Editor in 0.78 ms, found 4 plugins.
Preloading 0 native plugins for Editor in 0.00 ms.
Mono: successfully reloaded assembly
- Completed reload, in  1.357 seconds
Domain Reload Profiling:
	ReloadAssembly (1357ms)
		BeginReloadAssembly (156ms)
			ExecutionOrderSort (0ms)
			DisableScriptedObjects (11ms)
			BackupInstance (0ms)
			ReleaseScriptingObjects (0ms)
			CreateAndSetChildDomain (47ms)
		EndReloadAssembly (1125ms)
			LoadAssemblies (133ms)
			RebuildTransferFunctionScriptingTraits (0ms)
			SetupTypeCache (441ms)
			ReleaseScriptCaches (2ms)
			RebuildScriptCaches (62ms)
			SetupLoadedEditorAssemblies (372ms)
				LogAssemblyErrors (0ms)
				InitializePlatformSupportModulesInManaged (5ms)
				SetLoadedEditorAssemblies (1ms)
				RefreshPlugins (1ms)
				BeforeProcessingInitializeOnLoad (69ms)
				ProcessInitializeOnLoadAttributes (278ms)
				ProcessInitializeOnLoadMethodAttributes (10ms)
				AfterProcessingInitializeOnLoad (8ms)
				EditorAssembliesLoaded (0ms)
			ExecutionOrderSort2 (0ms)
			AwakeInstancesAfterBackupRestoration (18ms)
Platform modules already initialized, skipping
Refreshing native plugins compatible for Editor in 0.69 ms, found 4 plugins.
Preloading 0 native plugins for Editor in 0.00 ms.
Unloading 3677 Unused Serialized files (Serialized files now loaded: 0)
System memory in use before: 144.1 MB.
System memory in use after: 144.4 MB.

Unloading 18 unused Assets to reduce memory usage. Loaded Objects now: 4249.
Total: 3.979000 ms (FindLiveObjects: 0.309700 ms CreateObjectMapping: 0.133500 ms MarkObjects: 3.492200 ms  DeleteObjects: 0.042100 ms)

AssetImportParameters requested are different than current active one (requested -> active):
  custom:framework-win-MediaFoundation: 216162199b28c13a410421893ffa2e32 -> 
  custom:video-decoder-ogg-theora: a1e56fd34408186e4bbccfd4996cb3dc -> 
  custom:container-muxer-webm: aa71ff27fc2769a1b78a27578f13a17b -> 
  custom:container-demuxer-webm: 4f35f7cbe854078d1ac9338744f61a02 -> 
  custom:container-demuxer-ogg: 62fdf1f143b41e24485cea50d1cbac27 -> 
  custom:video-encoder-webm-vp8: eb34c28f22e8b96e1ab97ce403110664 -> 
  custom:video-codec-MediaFoundation-h265: 746d11721c4dcdbdad8f713fa42b33f4 -> 
  custom:video-decoder-webm-vp8: 9c59270c3fd7afecdb556c50c9e8de78 -> 
  custom:audio-decoder-ogg-vorbis: bf7c407c2cedff20999df2af8eb42d56 -> 
  custom:audio-encoder-webm-vorbis: bf7c407c2cedff20999df2af8eb42d56 -> 
========================================================================
Received Prepare
Registering precompiled user dll's ...
Registered in 0.003717 seconds.
Begin MonoManager ReloadAssembly
Symbol file LoadedFromMemory doesn't match image D:\한국it자료\게임엔진\2학년 2학기 심화\fpsGame\Infinite stair\Library\PackageCache\com.unity.visualscripting@1.6.1\Editor\VisualScripting.Core\Dependencies\YamlDotNet\Unity.VisualScripting.YamlDotNet.dll
Symbol file LoadedFromMemory doesn't match image D:\한국it자료\게임엔진\2학년 2학기 심화\fpsGame\Infinite stair\Library\PackageCache\com.unity.visualscripting@1.6.1\Editor\VisualScripting.Core\Dependencies\DotNetZip\Unity.VisualScripting.IonicZip.dll
Native extension for WindowsStandalone target not found
Refreshing native plugins compatible for Editor in 0.62 ms, found 4 plugins.
Preloading 0 native plugins for Editor in 0.00 ms.
Mono: successfully reloaded assembly
- Completed reload, in  1.087 seconds
Domain Reload Profiling:
	ReloadAssembly (1087ms)
		BeginReloadAssembly (130ms)
			ExecutionOrderSort (0ms)
			DisableScriptedObjects (10ms)
			BackupInstance (0ms)
			ReleaseScriptingObjects (0ms)
			CreateAndSetChildDomain (42ms)
		EndReloadAssembly (901ms)
			LoadAssemblies (93ms)
			RebuildTransferFunctionScriptingTraits (0ms)
			SetupTypeCache (356ms)
			ReleaseScriptCaches (1ms)
			RebuildScriptCaches (49ms)
			SetupLoadedEditorAssemblies (302ms)
				LogAssemblyErrors (0ms)
				InitializePlatformSupportModulesInManaged (4ms)
				SetLoadedEditorAssemblies (0ms)
				RefreshPlugins (1ms)
				BeforeProcessingInitializeOnLoad (61ms)
				ProcessInitializeOnLoadAttributes (221ms)
				ProcessInitializeOnLoadMethodAttributes (9ms)
				AfterProcessingInitializeOnLoad (6ms)
				EditorAssembliesLoaded (0ms)
			ExecutionOrderSort2 (0ms)
			AwakeInstancesAfterBackupRestoration (15ms)
Platform modules already initialized, skipping
Refreshing native plugins compatible for Editor in 0.72 ms, found 4 plugins.
Preloading 0 native plugins for Editor in 0.00 ms.
Unloading 3677 Unused Serialized files (Serialized files now loaded: 0)
System memory in use before: 144.1 MB.
System memory in use after: 144.4 MB.

Unloading 18 unused Assets to reduce memory usage. Loaded Objects now: 4252.
Total: 3.497200 ms (FindLiveObjects: 0.259400 ms CreateObjectMapping: 0.121800 ms MarkObjects: 3.094800 ms  DeleteObjects: 0.019900 ms)

AssetImportParameters requested are different than current active one (requested -> active):
  custom:framework-win-MediaFoundation: 216162199b28c13a410421893ffa2e32 -> 
  custom:video-decoder-ogg-theora: a1e56fd34408186e4bbccfd4996cb3dc -> 
  custom:container-muxer-webm: aa71ff27fc2769a1b78a27578f13a17b -> 
  custom:container-demuxer-webm: 4f35f7cbe854078d1ac9338744f61a02 -> 
  custom:container-demuxer-ogg: 62fdf1f143b41e24485cea50d1cbac27 -> 
  custom:video-encoder-webm-vp8: eb34c28f22e8b96e1ab97ce403110664 -> 
  custom:video-codec-MediaFoundation-h265: 746d11721c4dcdbdad8f713fa42b33f4 -> 
  custom:video-decoder-webm-vp8: 9c59270c3fd7afecdb556c50c9e8de78 -> 
  custom:audio-decoder-ogg-vorbis: bf7c407c2cedff20999df2af8eb42d56 -> 
  custom:audio-encoder-webm-vorbis: bf7c407c2cedff20999df2af8eb42d56 -> 
========================================================================
Received Prepare
Registering precompiled user dll's ...
Registered in 0.005968 seconds.
Begin MonoManager ReloadAssembly
Symbol file LoadedFromMemory doesn't match image D:\한국it자료\게임엔진\2학년 2학기 심화\fpsGame\Infinite stair\Library\PackageCache\com.unity.visualscripting@1.6.1\Editor\VisualScripting.Core\Dependencies\YamlDotNet\Unity.VisualScripting.YamlDotNet.dll
Symbol file LoadedFromMemory doesn't match image D:\한국it자료\게임엔진\2학년 2학기 심화\fpsGame\Infinite stair\Library\PackageCache\com.unity.visualscripting@1.6.1\Editor\VisualScripting.Core\Dependencies\DotNetZip\Unity.VisualScripting.IonicZip.dll
Native extension for WindowsStandalone target not found
Refreshing native plugins compatible for Editor in 0.95 ms, found 4 plugins.
Preloading 0 native plugins for Editor in 0.00 ms.
Mono: successfully reloaded assembly
- Completed reload, in  1.190 seconds
Domain Reload Profiling:
	ReloadAssembly (1191ms)
		BeginReloadAssembly (133ms)
			ExecutionOrderSort (0ms)
			DisableScriptedObjects (9ms)
			BackupInstance (0ms)
			ReleaseScriptingObjects (0ms)
			CreateAndSetChildDomain (39ms)
		EndReloadAssembly (992ms)
			LoadAssemblies (117ms)
			RebuildTransferFunctionScriptingTraits (0ms)
			SetupTypeCache (351ms)
			ReleaseScriptCaches (1ms)
			RebuildScriptCaches (72ms)
			SetupLoadedEditorAssemblies (355ms)
				LogAssemblyErrors (0ms)
				InitializePlatformSupportModulesInManaged (4ms)
				SetLoadedEditorAssemblies (0ms)
				RefreshPlugins (1ms)
				BeforeProcessingInitializeOnLoad (72ms)
				ProcessInitializeOnLoadAttributes (255ms)
				ProcessInitializeOnLoadMethodAttributes (15ms)
				AfterProcessingInitializeOnLoad (8ms)
				EditorAssembliesLoaded (0ms)
			ExecutionOrderSort2 (0ms)
			AwakeInstancesAfterBackupRestoration (18ms)
Platform modules already initialized, skipping
Refreshing native plugins compatible for Editor in 1.34 ms, found 4 plugins.
Preloading 0 native plugins for Editor in 0.00 ms.
Unloading 3677 Unused Serialized files (Serialized files now loaded: 0)
System memory in use before: 144.1 MB.
System memory in use after: 144.4 MB.

Unloading 18 unused Assets to reduce memory usage. Loaded Objects now: 4255.
Total: 10.453100 ms (FindLiveObjects: 0.546300 ms CreateObjectMapping: 0.323600 ms MarkObjects: 9.348200 ms  DeleteObjects: 0.178200 ms)

AssetImportParameters requested are different than current active one (requested -> active):
  custom:framework-win-MediaFoundation: 216162199b28c13a410421893ffa2e32 -> 
  custom:video-decoder-ogg-theora: a1e56fd34408186e4bbccfd4996cb3dc -> 
  custom:container-muxer-webm: aa71ff27fc2769a1b78a27578f13a17b -> 
  custom:container-demuxer-webm: 4f35f7cbe854078d1ac9338744f61a02 -> 
  custom:container-demuxer-ogg: 62fdf1f143b41e24485cea50d1cbac27 -> 
  custom:video-encoder-webm-vp8: eb34c28f22e8b96e1ab97ce403110664 -> 
  custom:video-codec-MediaFoundation-h265: 746d11721c4dcdbdad8f713fa42b33f4 -> 
  custom:video-decoder-webm-vp8: 9c59270c3fd7afecdb556c50c9e8de78 -> 
  custom:audio-decoder-ogg-vorbis: bf7c407c2cedff20999df2af8eb42d56 -> 
  custom:audio-encoder-webm-vorbis: bf7c407c2cedff20999df2af8eb42d56 -> 
AssetImportWorkerClient::OnTransportError - code=2 error=End of file
